<?xml version="1.0" encoding="UTF-8"?>
<testsuite name="com.alipay.sofa.boot.gradle.plugin.DependencyManagementPluginActionIntegrationTests" tests="8" skipped="0" failures="8" errors="0" timestamp="2019-06-26T07:04:02" hostname="qilongzqldeMacBook-Pro.local" time="26.674">
  <properties/>
  <testcase name="bomIsImportedWhenDependencyManagementPluginIsApplied [Gradle default]" classname="com.alipay.sofa.boot.gradle.plugin.DependencyManagementPluginActionIntegrationTests" time="3.766">
    <failure message="java.lang.RuntimeException: org.gradle.testkit.runner.UnexpectedBuildFailure: Unexpected build execution failure in /var/folders/w4/71lyy5ks7013y3jrmjs5mxhw0000gn/T/junit3338093724198740418/junit1971333209278793803 with arguments [-PbootVersion=${revision}, --stacktrace, hasDependencyManagement, -PapplyDependencyManagementPlugin]&#10;&#10;Output:&#10;&gt; Task :hasDependencyManagement FAILED&#10;&#10;FAILURE: Build failed with an exception.&#10;&#10;* Where:&#10;Build file '/private/var/folders/w4/71lyy5ks7013y3jrmjs5mxhw0000gn/T/junit3338093724198740418/junit1971333209278793803/build.gradle' line: 29&#10;&#10;* What went wrong:&#10;Execution failed for task ':hasDependencyManagement'.&#10;&gt; Could not resolve all dependencies for configuration ':detachedConfiguration1'.&#10;   &gt; Could not find com.alipay.sofa:sofaboot-dependencies:${revision}.&#10;     Required by:&#10;         project :&#10;&#10;* Try:&#10;Run with --info or --debug option to get more log output. Run with --scan to get full insights.&#10;&#10;* Exception is:&#10;org.gradle.api.tasks.TaskExecutionException: Execution failed for task ':hasDependencyManagement'.&#10;&#9;at org.gradle.api.internal.tasks.execution.ExecuteActionsTaskExecuter.executeActions(ExecuteActionsTaskExecuter.java:110)&#10;&#9;at org.gradle.api.internal.tasks.execution.ExecuteActionsTaskExecuter.execute(ExecuteActionsTaskExecuter.java:77)&#10;&#9;at org.gradle.api.internal.tasks.execution.OutputDirectoryCreatingTaskExecuter.execute(OutputDirectoryCreatingTaskExecuter.java:51)&#10;&#9;at org.gradle.api.internal.tasks.execution.SkipUpToDateTaskExecuter.execute(SkipUpToDateTaskExecuter.java:59)&#10;&#9;at org.gradle.api.internal.tasks.execution.ResolveTaskOutputCachingStateExecuter.execute(ResolveTaskOutputCachingStateExecuter.java:54)&#10;&#9;at org.gradle.api.internal.tasks.execution.ValidatingTaskExecuter.execute(ValidatingTaskExecuter.java:59)&#10;&#9;at org.gradle.api.internal.tasks.execution.SkipEmptySourceFilesTaskExecuter.execute(SkipEmptySourceFilesTaskExecuter.java:101)&#10;&#9;at org.gradle.api.internal.tasks.execution.FinalizeInputFilePropertiesTaskExecuter.execute(FinalizeInputFilePropertiesTaskExecuter.java:44)&#10;&#9;at org.gradle.api.internal.tasks.execution.CleanupStaleOutputsExecuter.execute(CleanupStaleOutputsExecuter.java:91)&#10;&#9;at org.gradle.api.internal.tasks.execution.ResolveTaskArtifactStateTaskExecuter.execute(ResolveTaskArtifactStateTaskExecuter.java:62)&#10;&#9;at org.gradle.api.internal.tasks.execution.SkipTaskWithNoActionsExecuter.execute(SkipTaskWithNoActionsExecuter.java:59)&#10;&#9;at org.gradle.api.internal.tasks.execution.SkipOnlyIfTaskExecuter.execute(SkipOnlyIfTaskExecuter.java:54)&#10;&#9;at org.gradle.api.internal.tasks.execution.ExecuteAtMostOnceTaskExecuter.execute(ExecuteAtMostOnceTaskExecuter.java:43)&#10;&#9;at org.gradle.api.internal.tasks.execution.CatchExceptionTaskExecuter.execute(CatchExceptionTaskExecuter.java:34)&#10;&#9;at org.gradle.api.internal.tasks.execution.EventFiringTaskExecuter$1.run(EventFiringTaskExecuter.java:51)&#10;&#9;at org.gradle.internal.operations.DefaultBuildOperationExecutor$RunnableBuildOperationWorker.execute(DefaultBuildOperationExecutor.java:300)&#10;&#9;at org.gradle.internal.operations.DefaultBuildOperationExecutor$RunnableBuildOperationWorker.execute(DefaultBuildOperationExecutor.java:292)&#10;&#9;at org.gradle.internal.operations.DefaultBuildOperationExecutor.execute(DefaultBuildOperationExecutor.java:174)&#10;&#9;at org.gradle.internal.operations.DefaultBuildOperationExecutor.run(DefaultBuildOperationExecutor.java:90)&#10;&#9;at org.gradle.internal.operations.DelegatingBuildOperationExecutor.run(DelegatingBuildOperationExecutor.java:31)&#10;&#9;at org.gradle.api.internal.tasks.execution.EventFiringTaskExecuter.execute(EventFiringTaskExecuter.java:46)&#10;&#9;at org.gradle.execution.taskgraph.LocalTaskInfoExecutor.execute(LocalTaskInfoExecutor.java:42)&#10;&#9;at org.gradle.execution.taskgraph.DefaultTaskExecutionGraph$BuildOperationAwareWorkItemExecutor.execute(DefaultTaskExecutionGraph.java:277)&#10;&#9;at org.gradle.execution.taskgraph.DefaultTaskExecutionGraph$BuildOperationAwareWorkItemExecutor.execute(DefaultTaskExecutionGraph.java:262)&#10;&#9;at org.gradle.execution.taskgraph.DefaultTaskPlanExecutor$ExecutorWorker$1.execute(DefaultTaskPlanExecutor.java:135)&#10;&#9;at org.gradle.execution.taskgraph.DefaultTaskPlanExecutor$ExecutorWorker$1.execute(DefaultTaskPlanExecutor.java:130)&#10;&#9;at org.gradle.execution.taskgraph.DefaultTaskPlanExecutor$ExecutorWorker.execute(DefaultTaskPlanExecutor.java:200)&#10;&#9;at org.gradle.execution.taskgraph.DefaultTaskPlanExecutor$ExecutorWorker.executeWithWork(DefaultTaskPlanExecutor.java:191)&#10;&#9;at org.gradle.execution.taskgraph.DefaultTaskPlanExecutor$ExecutorWorker.run(DefaultTaskPlanExecutor.java:130)&#10;&#9;at org.gradle.internal.concurrent.ExecutorPolicy$CatchAndRecordFailures.onExecute(ExecutorPolicy.java:63)&#10;&#9;at org.gradle.internal.concurrent.ManagedExecutorImpl$1.run(ManagedExecutorImpl.java:46)&#10;&#9;at org.gradle.internal.concurrent.ThreadFactoryImpl$ManagedThreadRunnable.run(ThreadFactoryImpl.java:55)&#10;Caused by: org.gradle.api.GradleException: Failed to resolve imported Maven boms: Could not find com.alipay.sofa:sofaboot-dependencies:${revision}.&#10;Required by:&#10;    project :&#10;&#9;at io.spring.gradle.dependencymanagement.internal.DependencyManagement.resolveIfNecessary(DependencyManagement.java:157)&#10;&#9;at io.spring.gradle.dependencymanagement.internal.DependencyManagement.getManagedVersions(DependencyManagement.java:121)&#10;&#9;at io.spring.gradle.dependencymanagement.internal.DependencyManagementContainer.getManagedVersionsForConfiguration(DependencyManagementContainer.java:202)&#10;&#9;at io.spring.gradle.dependencymanagement.internal.DependencyManagementContainer.getManagedVersionsForConfiguration(DependencyManagementContainer.java:187)&#10;&#9;at io.spring.gradle.dependencymanagement.internal.dsl.StandardDependencyManagementExtension.getManagedVersions(StandardDependencyManagementExtension.java:102)&#10;&#9;at build_5dzbezjya4cd8kwry0zqyzphb$_run_closure3$_closure7.doCall(/private/var/folders/w4/71lyy5ks7013y3jrmjs5mxhw0000gn/T/junit3338093724198740418/junit1971333209278793803/build.gradle:29)&#10;&#9;at org.gradle.api.internal.AbstractTask$ClosureTaskAction.execute(AbstractTask.java:739)&#10;&#9;at org.gradle.api.internal.AbstractTask$ClosureTaskAction.execute(AbstractTask.java:712)&#10;&#9;at org.gradle.api.internal.tasks.execution.ExecuteActionsTaskExecuter$1.run(ExecuteActionsTaskExecuter.java:131)&#10;&#9;at org.gradle.internal.operations.DefaultBuildOperationExecutor$RunnableBuildOperationWorker.execute(DefaultBuildOperationExecutor.java:300)&#10;&#9;at org.gradle.internal.operations.DefaultBuildOperationExecutor$RunnableBuildOperationWorker.execute(DefaultBuildOperationExecutor.java:292)&#10;&#9;at org.gradle.internal.operations.DefaultBuildOperationExecutor.execute(DefaultBuildOperationExecutor.java:174)&#10;&#9;at org.gradle.internal.operations.DefaultBuildOperationExecutor.run(DefaultBuildOperationExecutor.java:90)&#10;&#9;at org.gradle.internal.operations.DelegatingBuildOperationExecutor.run(DelegatingBuildOperationExecutor.java:31)&#10;&#9;at org.gradle.api.internal.tasks.execution.ExecuteActionsTaskExecuter.executeAction(ExecuteActionsTaskExecuter.java:120)&#10;&#9;at org.gradle.api.internal.tasks.execution.ExecuteActionsTaskExecuter.executeActions(ExecuteActionsTaskExecuter.java:99)&#10;&#9;... 31 more&#10;Caused by: org.gradle.api.artifacts.ResolveException: Could not resolve all dependencies for configuration ':detachedConfiguration1'.&#10;&#9;at org.gradle.api.internal.artifacts.ivyservice.DefaultLenientConfiguration.getFailure(DefaultLenientConfiguration.java:143)&#10;&#9;at org.gradle.api.internal.artifacts.ivyservice.DefaultLenientConfiguration.rethrowFailure(DefaultLenientConfiguration.java:156)&#10;&#9;at org.gradle.api.internal.artifacts.ivyservice.DefaultResolvedConfiguration.rethrowFailure(DefaultResolvedConfiguration.java:43)&#10;&#9;at org.gradle.api.internal.artifacts.ivyservice.DefaultResolvedConfiguration.getResolvedArtifacts(DefaultResolvedConfiguration.java:76)&#10;&#9;at org.gradle.api.internal.artifacts.ivyservice.ErrorHandlingConfigurationResolver$ErrorHandlingResolvedConfiguration.getResolvedArtifacts(ErrorHandlingConfigurationResolver.java:303)&#10;&#9;at io.spring.gradle.dependencymanagement.internal.maven.MavenPomResolver.resolvePoms(MavenPomResolver.java:83)&#10;&#9;at io.spring.gradle.dependencymanagement.internal.DependencyManagement.resolve(DependencyManagement.java:183)&#10;&#9;at io.spring.gradle.dependencymanagement.internal.DependencyManagement.resolveIfNecessary(DependencyManagement.java:153)&#10;&#9;... 46 more&#10;Caused by: org.gradle.internal.resolve.ModuleVersionNotFoundException: Could not find com.alipay.sofa:sofaboot-dependencies:${revision}.&#10;Required by:&#10;    project :&#10;&#9;at org.gradle.internal.resolve.result.DefaultBuildableComponentResolveResult.notFound(DefaultBuildableComponentResolveResult.java:49)&#10;&#9;at org.gradle.api.internal.artifacts.ivyservice.ivyresolve.RepositoryChainComponentMetaDataResolver.resolveModule(RepositoryChainComponentMetaDataResolver.java:108)&#10;&#9;at org.gradle.api.internal.artifacts.ivyservice.ivyresolve.RepositoryChainComponentMetaDataResolver.resolve(RepositoryChainComponentMetaDataResolver.java:63)&#10;&#9;at org.gradle.api.internal.artifacts.ivyservice.resolveengine.ComponentResolversChain$ComponentMetaDataResolverChain.resolve(ComponentResolversChain.java:94)&#10;&#9;at org.gradle.api.internal.artifacts.ivyservice.clientmodule.ClientModuleResolver.resolve(ClientModuleResolver.java:62)&#10;&#9;at org.gradle.api.internal.artifacts.ivyservice.resolveengine.graph.builder.ComponentState.resolve(ComponentState.java:208)&#10;&#9;at org.gradle.api.internal.artifacts.ivyservice.resolveengine.graph.builder.ComponentState.resolve(ComponentState.java:196)&#10;&#9;at org.gradle.api.internal.artifacts.ivyservice.resolveengine.graph.builder.ComponentState.getMetadata(ComponentState.java:152)&#10;&#9;at org.gradle.api.internal.artifacts.ivyservice.resolveengine.graph.builder.EdgeState.calculateTargetConfigurations(EdgeState.java:156)&#10;&#9;at org.gradle.api.internal.artifacts.ivyservice.resolveengine.graph.builder.EdgeState.attachToTargetConfigurations(EdgeState.java:112)&#10;&#9;at org.gradle.api.internal.artifacts.ivyservice.resolveengine.graph.builder.DependencyGraphBuilder.attachToTargetRevisionsSerially(DependencyGraphBuilder.java:315)&#10;&#9;at org.gradle.api.internal.artifacts.ivyservice.resolveengine.graph.builder.DependencyGraphBuilder.resolveEdges(DependencyGraphBuilder.java:202)&#10;&#9;at org.gradle.api.internal.artifacts.ivyservice.resolveengine.graph.builder.DependencyGraphBuilder.traverseGraph(DependencyGraphBuilder.java:155)&#10;&#9;at org.gradle.api.internal.artifacts.ivyservice.resolveengine.graph.builder.DependencyGraphBuilder.resolve(DependencyGraphBuilder.java:126)&#10;&#9;at org.gradle.api.internal.artifacts.ivyservice.resolveengine.DefaultArtifactDependencyResolver.resolve(DefaultArtifactDependencyResolver.java:123)&#10;&#9;at org.gradle.api.internal.artifacts.ivyservice.DefaultConfigurationResolver.resolveGraph(DefaultConfigurationResolver.java:167)&#10;&#9;at org.gradle.api.internal.artifacts.ivyservice.ShortCircuitEmptyConfigurationResolver.resolveGraph(ShortCircuitEmptyConfigurationResolver.java:89)&#10;&#9;at org.gradle.api.internal.artifacts.ivyservice.ErrorHandlingConfigurationResolver.resolveGraph(ErrorHandlingConfigurationResolver.java:73)&#10;&#9;at org.gradle.api.internal.artifacts.configurations.DefaultConfiguration$5.run(DefaultConfiguration.java:533)&#10;&#9;at org.gradle.internal.operations.DefaultBuildOperationExecutor$RunnableBuildOperationWorker.execute(DefaultBuildOperationExecutor.java:300)&#10;&#9;at org.gradle.internal.operations.DefaultBuildOperationExecutor$RunnableBuildOperationWorker.execute(DefaultBuildOperationExecutor.java:292)&#10;&#9;at org.gradle.internal.operations.DefaultBuildOperationExecutor.execute(DefaultBuildOperationExecutor.java:174)&#10;&#9;at org.gradle.internal.operations.DefaultBuildOperationExecutor.run(DefaultBuildOperationExecutor.java:90)&#10;&#9;at org.gradle.internal.operations.DelegatingBuildOperationExecutor.run(DelegatingBuildOperationExecutor.java:31)&#10;&#9;at org.gradle.api.internal.artifacts.configurations.DefaultConfiguration.resolveGraphIfRequired(DefaultConfiguration.java:524)&#10;&#9;at org.gradle.api.internal.artifacts.configurations.DefaultConfiguration.resolveToStateOrLater(DefaultConfiguration.java:509)&#10;&#9;at org.gradle.api.internal.artifacts.configurations.DefaultConfiguration.getResolvedConfiguration(DefaultConfiguration.java:501)&#10;&#9;at org.gradle.api.internal.artifacts.configurations.DefaultConfiguration_Decorated.getResolvedConfiguration(Unknown Source)&#10;&#9;... 49 more&#10;&#10;&#10;* Get more help at https://help.gradle.org&#10;&#10;BUILD FAILED in 2s&#10;1 actionable task: 1 executed&#10;" type="java.lang.RuntimeException">java.lang.RuntimeException: org.gradle.testkit.runner.UnexpectedBuildFailure: Unexpected build execution failure in /var/folders/w4/71lyy5ks7013y3jrmjs5mxhw0000gn/T/junit3338093724198740418/junit1971333209278793803 with arguments [-PbootVersion=${revision}, --stacktrace, hasDependencyManagement, -PapplyDependencyManagementPlugin]

Output:
&gt; Task :hasDependencyManagement FAILED

FAILURE: Build failed with an exception.

* Where:
Build file '/private/var/folders/w4/71lyy5ks7013y3jrmjs5mxhw0000gn/T/junit3338093724198740418/junit1971333209278793803/build.gradle' line: 29

* What went wrong:
Execution failed for task ':hasDependencyManagement'.
&gt; Could not resolve all dependencies for configuration ':detachedConfiguration1'.
   &gt; Could not find com.alipay.sofa:sofaboot-dependencies:${revision}.
     Required by:
         project :

* Try:
Run with --info or --debug option to get more log output. Run with --scan to get full insights.

* Exception is:
org.gradle.api.tasks.TaskExecutionException: Execution failed for task ':hasDependencyManagement'.
	at org.gradle.api.internal.tasks.execution.ExecuteActionsTaskExecuter.executeActions(ExecuteActionsTaskExecuter.java:110)
	at org.gradle.api.internal.tasks.execution.ExecuteActionsTaskExecuter.execute(ExecuteActionsTaskExecuter.java:77)
	at org.gradle.api.internal.tasks.execution.OutputDirectoryCreatingTaskExecuter.execute(OutputDirectoryCreatingTaskExecuter.java:51)
	at org.gradle.api.internal.tasks.execution.SkipUpToDateTaskExecuter.execute(SkipUpToDateTaskExecuter.java:59)
	at org.gradle.api.internal.tasks.execution.ResolveTaskOutputCachingStateExecuter.execute(ResolveTaskOutputCachingStateExecuter.java:54)
	at org.gradle.api.internal.tasks.execution.ValidatingTaskExecuter.execute(ValidatingTaskExecuter.java:59)
	at org.gradle.api.internal.tasks.execution.SkipEmptySourceFilesTaskExecuter.execute(SkipEmptySourceFilesTaskExecuter.java:101)
	at org.gradle.api.internal.tasks.execution.FinalizeInputFilePropertiesTaskExecuter.execute(FinalizeInputFilePropertiesTaskExecuter.java:44)
	at org.gradle.api.internal.tasks.execution.CleanupStaleOutputsExecuter.execute(CleanupStaleOutputsExecuter.java:91)
	at org.gradle.api.internal.tasks.execution.ResolveTaskArtifactStateTaskExecuter.execute(ResolveTaskArtifactStateTaskExecuter.java:62)
	at org.gradle.api.internal.tasks.execution.SkipTaskWithNoActionsExecuter.execute(SkipTaskWithNoActionsExecuter.java:59)
	at org.gradle.api.internal.tasks.execution.SkipOnlyIfTaskExecuter.execute(SkipOnlyIfTaskExecuter.java:54)
	at org.gradle.api.internal.tasks.execution.ExecuteAtMostOnceTaskExecuter.execute(ExecuteAtMostOnceTaskExecuter.java:43)
	at org.gradle.api.internal.tasks.execution.CatchExceptionTaskExecuter.execute(CatchExceptionTaskExecuter.java:34)
	at org.gradle.api.internal.tasks.execution.EventFiringTaskExecuter$1.run(EventFiringTaskExecuter.java:51)
	at org.gradle.internal.operations.DefaultBuildOperationExecutor$RunnableBuildOperationWorker.execute(DefaultBuildOperationExecutor.java:300)
	at org.gradle.internal.operations.DefaultBuildOperationExecutor$RunnableBuildOperationWorker.execute(DefaultBuildOperationExecutor.java:292)
	at org.gradle.internal.operations.DefaultBuildOperationExecutor.execute(DefaultBuildOperationExecutor.java:174)
	at org.gradle.internal.operations.DefaultBuildOperationExecutor.run(DefaultBuildOperationExecutor.java:90)
	at org.gradle.internal.operations.DelegatingBuildOperationExecutor.run(DelegatingBuildOperationExecutor.java:31)
	at org.gradle.api.internal.tasks.execution.EventFiringTaskExecuter.execute(EventFiringTaskExecuter.java:46)
	at org.gradle.execution.taskgraph.LocalTaskInfoExecutor.execute(LocalTaskInfoExecutor.java:42)
	at org.gradle.execution.taskgraph.DefaultTaskExecutionGraph$BuildOperationAwareWorkItemExecutor.execute(DefaultTaskExecutionGraph.java:277)
	at org.gradle.execution.taskgraph.DefaultTaskExecutionGraph$BuildOperationAwareWorkItemExecutor.execute(DefaultTaskExecutionGraph.java:262)
	at org.gradle.execution.taskgraph.DefaultTaskPlanExecutor$ExecutorWorker$1.execute(DefaultTaskPlanExecutor.java:135)
	at org.gradle.execution.taskgraph.DefaultTaskPlanExecutor$ExecutorWorker$1.execute(DefaultTaskPlanExecutor.java:130)
	at org.gradle.execution.taskgraph.DefaultTaskPlanExecutor$ExecutorWorker.execute(DefaultTaskPlanExecutor.java:200)
	at org.gradle.execution.taskgraph.DefaultTaskPlanExecutor$ExecutorWorker.executeWithWork(DefaultTaskPlanExecutor.java:191)
	at org.gradle.execution.taskgraph.DefaultTaskPlanExecutor$ExecutorWorker.run(DefaultTaskPlanExecutor.java:130)
	at org.gradle.internal.concurrent.ExecutorPolicy$CatchAndRecordFailures.onExecute(ExecutorPolicy.java:63)
	at org.gradle.internal.concurrent.ManagedExecutorImpl$1.run(ManagedExecutorImpl.java:46)
	at org.gradle.internal.concurrent.ThreadFactoryImpl$ManagedThreadRunnable.run(ThreadFactoryImpl.java:55)
Caused by: org.gradle.api.GradleException: Failed to resolve imported Maven boms: Could not find com.alipay.sofa:sofaboot-dependencies:${revision}.
Required by:
    project :
	at io.spring.gradle.dependencymanagement.internal.DependencyManagement.resolveIfNecessary(DependencyManagement.java:157)
	at io.spring.gradle.dependencymanagement.internal.DependencyManagement.getManagedVersions(DependencyManagement.java:121)
	at io.spring.gradle.dependencymanagement.internal.DependencyManagementContainer.getManagedVersionsForConfiguration(DependencyManagementContainer.java:202)
	at io.spring.gradle.dependencymanagement.internal.DependencyManagementContainer.getManagedVersionsForConfiguration(DependencyManagementContainer.java:187)
	at io.spring.gradle.dependencymanagement.internal.dsl.StandardDependencyManagementExtension.getManagedVersions(StandardDependencyManagementExtension.java:102)
	at build_5dzbezjya4cd8kwry0zqyzphb$_run_closure3$_closure7.doCall(/private/var/folders/w4/71lyy5ks7013y3jrmjs5mxhw0000gn/T/junit3338093724198740418/junit1971333209278793803/build.gradle:29)
	at org.gradle.api.internal.AbstractTask$ClosureTaskAction.execute(AbstractTask.java:739)
	at org.gradle.api.internal.AbstractTask$ClosureTaskAction.execute(AbstractTask.java:712)
	at org.gradle.api.internal.tasks.execution.ExecuteActionsTaskExecuter$1.run(ExecuteActionsTaskExecuter.java:131)
	at org.gradle.internal.operations.DefaultBuildOperationExecutor$RunnableBuildOperationWorker.execute(DefaultBuildOperationExecutor.java:300)
	at org.gradle.internal.operations.DefaultBuildOperationExecutor$RunnableBuildOperationWorker.execute(DefaultBuildOperationExecutor.java:292)
	at org.gradle.internal.operations.DefaultBuildOperationExecutor.execute(DefaultBuildOperationExecutor.java:174)
	at org.gradle.internal.operations.DefaultBuildOperationExecutor.run(DefaultBuildOperationExecutor.java:90)
	at org.gradle.internal.operations.DelegatingBuildOperationExecutor.run(DelegatingBuildOperationExecutor.java:31)
	at org.gradle.api.internal.tasks.execution.ExecuteActionsTaskExecuter.executeAction(ExecuteActionsTaskExecuter.java:120)
	at org.gradle.api.internal.tasks.execution.ExecuteActionsTaskExecuter.executeActions(ExecuteActionsTaskExecuter.java:99)
	... 31 more
Caused by: org.gradle.api.artifacts.ResolveException: Could not resolve all dependencies for configuration ':detachedConfiguration1'.
	at org.gradle.api.internal.artifacts.ivyservice.DefaultLenientConfiguration.getFailure(DefaultLenientConfiguration.java:143)
	at org.gradle.api.internal.artifacts.ivyservice.DefaultLenientConfiguration.rethrowFailure(DefaultLenientConfiguration.java:156)
	at org.gradle.api.internal.artifacts.ivyservice.DefaultResolvedConfiguration.rethrowFailure(DefaultResolvedConfiguration.java:43)
	at org.gradle.api.internal.artifacts.ivyservice.DefaultResolvedConfiguration.getResolvedArtifacts(DefaultResolvedConfiguration.java:76)
	at org.gradle.api.internal.artifacts.ivyservice.ErrorHandlingConfigurationResolver$ErrorHandlingResolvedConfiguration.getResolvedArtifacts(ErrorHandlingConfigurationResolver.java:303)
	at io.spring.gradle.dependencymanagement.internal.maven.MavenPomResolver.resolvePoms(MavenPomResolver.java:83)
	at io.spring.gradle.dependencymanagement.internal.DependencyManagement.resolve(DependencyManagement.java:183)
	at io.spring.gradle.dependencymanagement.internal.DependencyManagement.resolveIfNecessary(DependencyManagement.java:153)
	... 46 more
Caused by: org.gradle.internal.resolve.ModuleVersionNotFoundException: Could not find com.alipay.sofa:sofaboot-dependencies:${revision}.
Required by:
    project :
	at org.gradle.internal.resolve.result.DefaultBuildableComponentResolveResult.notFound(DefaultBuildableComponentResolveResult.java:49)
	at org.gradle.api.internal.artifacts.ivyservice.ivyresolve.RepositoryChainComponentMetaDataResolver.resolveModule(RepositoryChainComponentMetaDataResolver.java:108)
	at org.gradle.api.internal.artifacts.ivyservice.ivyresolve.RepositoryChainComponentMetaDataResolver.resolve(RepositoryChainComponentMetaDataResolver.java:63)
	at org.gradle.api.internal.artifacts.ivyservice.resolveengine.ComponentResolversChain$ComponentMetaDataResolverChain.resolve(ComponentResolversChain.java:94)
	at org.gradle.api.internal.artifacts.ivyservice.clientmodule.ClientModuleResolver.resolve(ClientModuleResolver.java:62)
	at org.gradle.api.internal.artifacts.ivyservice.resolveengine.graph.builder.ComponentState.resolve(ComponentState.java:208)
	at org.gradle.api.internal.artifacts.ivyservice.resolveengine.graph.builder.ComponentState.resolve(ComponentState.java:196)
	at org.gradle.api.internal.artifacts.ivyservice.resolveengine.graph.builder.ComponentState.getMetadata(ComponentState.java:152)
	at org.gradle.api.internal.artifacts.ivyservice.resolveengine.graph.builder.EdgeState.calculateTargetConfigurations(EdgeState.java:156)
	at org.gradle.api.internal.artifacts.ivyservice.resolveengine.graph.builder.EdgeState.attachToTargetConfigurations(EdgeState.java:112)
	at org.gradle.api.internal.artifacts.ivyservice.resolveengine.graph.builder.DependencyGraphBuilder.attachToTargetRevisionsSerially(DependencyGraphBuilder.java:315)
	at org.gradle.api.internal.artifacts.ivyservice.resolveengine.graph.builder.DependencyGraphBuilder.resolveEdges(DependencyGraphBuilder.java:202)
	at org.gradle.api.internal.artifacts.ivyservice.resolveengine.graph.builder.DependencyGraphBuilder.traverseGraph(DependencyGraphBuilder.java:155)
	at org.gradle.api.internal.artifacts.ivyservice.resolveengine.graph.builder.DependencyGraphBuilder.resolve(DependencyGraphBuilder.java:126)
	at org.gradle.api.internal.artifacts.ivyservice.resolveengine.DefaultArtifactDependencyResolver.resolve(DefaultArtifactDependencyResolver.java:123)
	at org.gradle.api.internal.artifacts.ivyservice.DefaultConfigurationResolver.resolveGraph(DefaultConfigurationResolver.java:167)
	at org.gradle.api.internal.artifacts.ivyservice.ShortCircuitEmptyConfigurationResolver.resolveGraph(ShortCircuitEmptyConfigurationResolver.java:89)
	at org.gradle.api.internal.artifacts.ivyservice.ErrorHandlingConfigurationResolver.resolveGraph(ErrorHandlingConfigurationResolver.java:73)
	at org.gradle.api.internal.artifacts.configurations.DefaultConfiguration$5.run(DefaultConfiguration.java:533)
	at org.gradle.internal.operations.DefaultBuildOperationExecutor$RunnableBuildOperationWorker.execute(DefaultBuildOperationExecutor.java:300)
	at org.gradle.internal.operations.DefaultBuildOperationExecutor$RunnableBuildOperationWorker.execute(DefaultBuildOperationExecutor.java:292)
	at org.gradle.internal.operations.DefaultBuildOperationExecutor.execute(DefaultBuildOperationExecutor.java:174)
	at org.gradle.internal.operations.DefaultBuildOperationExecutor.run(DefaultBuildOperationExecutor.java:90)
	at org.gradle.internal.operations.DelegatingBuildOperationExecutor.run(DelegatingBuildOperationExecutor.java:31)
	at org.gradle.api.internal.artifacts.configurations.DefaultConfiguration.resolveGraphIfRequired(DefaultConfiguration.java:524)
	at org.gradle.api.internal.artifacts.configurations.DefaultConfiguration.resolveToStateOrLater(DefaultConfiguration.java:509)
	at org.gradle.api.internal.artifacts.configurations.DefaultConfiguration.getResolvedConfiguration(DefaultConfiguration.java:501)
	at org.gradle.api.internal.artifacts.configurations.DefaultConfiguration_Decorated.getResolvedConfiguration(Unknown Source)
	... 49 more


* Get more help at https://help.gradle.org

BUILD FAILED in 2s
1 actionable task: 1 executed

	at org.springframework.boot.gradle.testkit.GradleBuild.build(GradleBuild.java:156)
	at com.alipay.sofa.boot.gradle.plugin.DependencyManagementPluginActionIntegrationTests.bomIsImportedWhenDependencyManagementPluginIsApplied(DependencyManagementPluginActionIntegrationTests.java:42)
	at sun.reflect.NativeMethodAccessorImpl.invoke0(Native Method)
	at sun.reflect.NativeMethodAccessorImpl.invoke(NativeMethodAccessorImpl.java:62)
	at sun.reflect.DelegatingMethodAccessorImpl.invoke(DelegatingMethodAccessorImpl.java:43)
	at java.lang.reflect.Method.invoke(Method.java:498)
	at org.junit.runners.model.FrameworkMethod$1.runReflectiveCall(FrameworkMethod.java:50)
	at org.junit.internal.runners.model.ReflectiveCallable.run(ReflectiveCallable.java:12)
	at org.junit.runners.model.FrameworkMethod.invokeExplosively(FrameworkMethod.java:47)
	at org.junit.internal.runners.statements.InvokeMethod.evaluate(InvokeMethod.java:17)
	at org.springframework.boot.gradle.testkit.GradleBuild$1.evaluate(GradleBuild.java:94)
	at org.junit.rules.ExternalResource$1.evaluate(ExternalResource.java:48)
	at org.junit.rules.RunRules.evaluate(RunRules.java:20)
	at org.junit.runners.ParentRunner.runLeaf(ParentRunner.java:325)
	at org.junit.runners.BlockJUnit4ClassRunner.runChild(BlockJUnit4ClassRunner.java:78)
	at org.junit.runners.BlockJUnit4ClassRunner.runChild(BlockJUnit4ClassRunner.java:57)
	at org.junit.runners.ParentRunner$3.run(ParentRunner.java:290)
	at org.junit.runners.ParentRunner$1.schedule(ParentRunner.java:71)
	at org.junit.runners.ParentRunner.runChildren(ParentRunner.java:288)
	at org.junit.runners.ParentRunner.access$000(ParentRunner.java:58)
	at org.junit.runners.ParentRunner$2.evaluate(ParentRunner.java:268)
	at org.junit.runners.ParentRunner.run(ParentRunner.java:363)
	at org.junit.runners.Suite.runChild(Suite.java:128)
	at org.junit.runners.Suite.runChild(Suite.java:27)
	at org.junit.runners.ParentRunner$3.run(ParentRunner.java:290)
	at org.junit.runners.ParentRunner$1.schedule(ParentRunner.java:71)
	at org.junit.runners.ParentRunner.runChildren(ParentRunner.java:288)
	at org.junit.runners.ParentRunner.access$000(ParentRunner.java:58)
	at org.junit.runners.ParentRunner$2.evaluate(ParentRunner.java:268)
	at org.junit.runners.ParentRunner.run(ParentRunner.java:363)
	at org.gradle.api.internal.tasks.testing.junit.JUnitTestClassExecutor.runTestClass(JUnitTestClassExecutor.java:106)
	at org.gradle.api.internal.tasks.testing.junit.JUnitTestClassExecutor.execute(JUnitTestClassExecutor.java:58)
	at org.gradle.api.internal.tasks.testing.junit.JUnitTestClassExecutor.execute(JUnitTestClassExecutor.java:38)
	at org.gradle.api.internal.tasks.testing.junit.AbstractJUnitTestClassProcessor.processTestClass(AbstractJUnitTestClassProcessor.java:66)
	at org.gradle.api.internal.tasks.testing.SuiteTestClassProcessor.processTestClass(SuiteTestClassProcessor.java:51)
	at sun.reflect.NativeMethodAccessorImpl.invoke0(Native Method)
	at sun.reflect.NativeMethodAccessorImpl.invoke(NativeMethodAccessorImpl.java:62)
	at sun.reflect.DelegatingMethodAccessorImpl.invoke(DelegatingMethodAccessorImpl.java:43)
	at java.lang.reflect.Method.invoke(Method.java:498)
	at org.gradle.internal.dispatch.ReflectionDispatch.dispatch(ReflectionDispatch.java:35)
	at org.gradle.internal.dispatch.ReflectionDispatch.dispatch(ReflectionDispatch.java:24)
	at org.gradle.internal.dispatch.ContextClassLoaderDispatch.dispatch(ContextClassLoaderDispatch.java:32)
	at org.gradle.internal.dispatch.ProxyDispatchAdapter$DispatchingInvocationHandler.invoke(ProxyDispatchAdapter.java:93)
	at com.sun.proxy.$Proxy2.processTestClass(Unknown Source)
	at org.gradle.api.internal.tasks.testing.worker.TestWorker.processTestClass(TestWorker.java:117)
	at sun.reflect.NativeMethodAccessorImpl.invoke0(Native Method)
	at sun.reflect.NativeMethodAccessorImpl.invoke(NativeMethodAccessorImpl.java:62)
	at sun.reflect.DelegatingMethodAccessorImpl.invoke(DelegatingMethodAccessorImpl.java:43)
	at java.lang.reflect.Method.invoke(Method.java:498)
	at org.gradle.internal.dispatch.ReflectionDispatch.dispatch(ReflectionDispatch.java:35)
	at org.gradle.internal.dispatch.ReflectionDispatch.dispatch(ReflectionDispatch.java:24)
	at org.gradle.internal.remote.internal.hub.MessageHubBackedObjectConnection$DispatchWrapper.dispatch(MessageHubBackedObjectConnection.java:155)
	at org.gradle.internal.remote.internal.hub.MessageHubBackedObjectConnection$DispatchWrapper.dispatch(MessageHubBackedObjectConnection.java:137)
	at org.gradle.internal.remote.internal.hub.MessageHub$Handler.run(MessageHub.java:404)
	at org.gradle.internal.concurrent.ExecutorPolicy$CatchAndRecordFailures.onExecute(ExecutorPolicy.java:63)
	at org.gradle.internal.concurrent.ManagedExecutorImpl$1.run(ManagedExecutorImpl.java:46)
	at java.util.concurrent.ThreadPoolExecutor.runWorker(ThreadPoolExecutor.java:1142)
	at java.util.concurrent.ThreadPoolExecutor$Worker.run(ThreadPoolExecutor.java:617)
	at org.gradle.internal.concurrent.ThreadFactoryImpl$ManagedThreadRunnable.run(ThreadFactoryImpl.java:55)
	at java.lang.Thread.run(Thread.java:745)
Caused by: org.gradle.testkit.runner.UnexpectedBuildFailure: Unexpected build execution failure in /var/folders/w4/71lyy5ks7013y3jrmjs5mxhw0000gn/T/junit3338093724198740418/junit1971333209278793803 with arguments [-PbootVersion=${revision}, --stacktrace, hasDependencyManagement, -PapplyDependencyManagementPlugin]

Output:
&gt; Task :hasDependencyManagement FAILED

FAILURE: Build failed with an exception.

* Where:
Build file '/private/var/folders/w4/71lyy5ks7013y3jrmjs5mxhw0000gn/T/junit3338093724198740418/junit1971333209278793803/build.gradle' line: 29

* What went wrong:
Execution failed for task ':hasDependencyManagement'.
&gt; Could not resolve all dependencies for configuration ':detachedConfiguration1'.
   &gt; Could not find com.alipay.sofa:sofaboot-dependencies:${revision}.
     Required by:
         project :

* Try:
Run with --info or --debug option to get more log output. Run with --scan to get full insights.

* Exception is:
org.gradle.api.tasks.TaskExecutionException: Execution failed for task ':hasDependencyManagement'.
	at org.gradle.api.internal.tasks.execution.ExecuteActionsTaskExecuter.executeActions(ExecuteActionsTaskExecuter.java:110)
	at org.gradle.api.internal.tasks.execution.ExecuteActionsTaskExecuter.execute(ExecuteActionsTaskExecuter.java:77)
	at org.gradle.api.internal.tasks.execution.OutputDirectoryCreatingTaskExecuter.execute(OutputDirectoryCreatingTaskExecuter.java:51)
	at org.gradle.api.internal.tasks.execution.SkipUpToDateTaskExecuter.execute(SkipUpToDateTaskExecuter.java:59)
	at org.gradle.api.internal.tasks.execution.ResolveTaskOutputCachingStateExecuter.execute(ResolveTaskOutputCachingStateExecuter.java:54)
	at org.gradle.api.internal.tasks.execution.ValidatingTaskExecuter.execute(ValidatingTaskExecuter.java:59)
	at org.gradle.api.internal.tasks.execution.SkipEmptySourceFilesTaskExecuter.execute(SkipEmptySourceFilesTaskExecuter.java:101)
	at org.gradle.api.internal.tasks.execution.FinalizeInputFilePropertiesTaskExecuter.execute(FinalizeInputFilePropertiesTaskExecuter.java:44)
	at org.gradle.api.internal.tasks.execution.CleanupStaleOutputsExecuter.execute(CleanupStaleOutputsExecuter.java:91)
	at org.gradle.api.internal.tasks.execution.ResolveTaskArtifactStateTaskExecuter.execute(ResolveTaskArtifactStateTaskExecuter.java:62)
	at org.gradle.api.internal.tasks.execution.SkipTaskWithNoActionsExecuter.execute(SkipTaskWithNoActionsExecuter.java:59)
	at org.gradle.api.internal.tasks.execution.SkipOnlyIfTaskExecuter.execute(SkipOnlyIfTaskExecuter.java:54)
	at org.gradle.api.internal.tasks.execution.ExecuteAtMostOnceTaskExecuter.execute(ExecuteAtMostOnceTaskExecuter.java:43)
	at org.gradle.api.internal.tasks.execution.CatchExceptionTaskExecuter.execute(CatchExceptionTaskExecuter.java:34)
	at org.gradle.api.internal.tasks.execution.EventFiringTaskExecuter$1.run(EventFiringTaskExecuter.java:51)
	at org.gradle.internal.operations.DefaultBuildOperationExecutor$RunnableBuildOperationWorker.execute(DefaultBuildOperationExecutor.java:300)
	at org.gradle.internal.operations.DefaultBuildOperationExecutor$RunnableBuildOperationWorker.execute(DefaultBuildOperationExecutor.java:292)
	at org.gradle.internal.operations.DefaultBuildOperationExecutor.execute(DefaultBuildOperationExecutor.java:174)
	at org.gradle.internal.operations.DefaultBuildOperationExecutor.run(DefaultBuildOperationExecutor.java:90)
	at org.gradle.internal.operations.DelegatingBuildOperationExecutor.run(DelegatingBuildOperationExecutor.java:31)
	at org.gradle.api.internal.tasks.execution.EventFiringTaskExecuter.execute(EventFiringTaskExecuter.java:46)
	at org.gradle.execution.taskgraph.LocalTaskInfoExecutor.execute(LocalTaskInfoExecutor.java:42)
	at org.gradle.execution.taskgraph.DefaultTaskExecutionGraph$BuildOperationAwareWorkItemExecutor.execute(DefaultTaskExecutionGraph.java:277)
	at org.gradle.execution.taskgraph.DefaultTaskExecutionGraph$BuildOperationAwareWorkItemExecutor.execute(DefaultTaskExecutionGraph.java:262)
	at org.gradle.execution.taskgraph.DefaultTaskPlanExecutor$ExecutorWorker$1.execute(DefaultTaskPlanExecutor.java:135)
	at org.gradle.execution.taskgraph.DefaultTaskPlanExecutor$ExecutorWorker$1.execute(DefaultTaskPlanExecutor.java:130)
	at org.gradle.execution.taskgraph.DefaultTaskPlanExecutor$ExecutorWorker.execute(DefaultTaskPlanExecutor.java:200)
	at org.gradle.execution.taskgraph.DefaultTaskPlanExecutor$ExecutorWorker.executeWithWork(DefaultTaskPlanExecutor.java:191)
	at org.gradle.execution.taskgraph.DefaultTaskPlanExecutor$ExecutorWorker.run(DefaultTaskPlanExecutor.java:130)
	at org.gradle.internal.concurrent.ExecutorPolicy$CatchAndRecordFailures.onExecute(ExecutorPolicy.java:63)
	at org.gradle.internal.concurrent.ManagedExecutorImpl$1.run(ManagedExecutorImpl.java:46)
	at org.gradle.internal.concurrent.ThreadFactoryImpl$ManagedThreadRunnable.run(ThreadFactoryImpl.java:55)
Caused by: org.gradle.api.GradleException: Failed to resolve imported Maven boms: Could not find com.alipay.sofa:sofaboot-dependencies:${revision}.
Required by:
    project :
	at io.spring.gradle.dependencymanagement.internal.DependencyManagement.resolveIfNecessary(DependencyManagement.java:157)
	at io.spring.gradle.dependencymanagement.internal.DependencyManagement.getManagedVersions(DependencyManagement.java:121)
	at io.spring.gradle.dependencymanagement.internal.DependencyManagementContainer.getManagedVersionsForConfiguration(DependencyManagementContainer.java:202)
	at io.spring.gradle.dependencymanagement.internal.DependencyManagementContainer.getManagedVersionsForConfiguration(DependencyManagementContainer.java:187)
	at io.spring.gradle.dependencymanagement.internal.dsl.StandardDependencyManagementExtension.getManagedVersions(StandardDependencyManagementExtension.java:102)
	at build_5dzbezjya4cd8kwry0zqyzphb$_run_closure3$_closure7.doCall(/private/var/folders/w4/71lyy5ks7013y3jrmjs5mxhw0000gn/T/junit3338093724198740418/junit1971333209278793803/build.gradle:29)
	at org.gradle.api.internal.AbstractTask$ClosureTaskAction.execute(AbstractTask.java:739)
	at org.gradle.api.internal.AbstractTask$ClosureTaskAction.execute(AbstractTask.java:712)
	at org.gradle.api.internal.tasks.execution.ExecuteActionsTaskExecuter$1.run(ExecuteActionsTaskExecuter.java:131)
	at org.gradle.internal.operations.DefaultBuildOperationExecutor$RunnableBuildOperationWorker.execute(DefaultBuildOperationExecutor.java:300)
	at org.gradle.internal.operations.DefaultBuildOperationExecutor$RunnableBuildOperationWorker.execute(DefaultBuildOperationExecutor.java:292)
	at org.gradle.internal.operations.DefaultBuildOperationExecutor.execute(DefaultBuildOperationExecutor.java:174)
	at org.gradle.internal.operations.DefaultBuildOperationExecutor.run(DefaultBuildOperationExecutor.java:90)
	at org.gradle.internal.operations.DelegatingBuildOperationExecutor.run(DelegatingBuildOperationExecutor.java:31)
	at org.gradle.api.internal.tasks.execution.ExecuteActionsTaskExecuter.executeAction(ExecuteActionsTaskExecuter.java:120)
	at org.gradle.api.internal.tasks.execution.ExecuteActionsTaskExecuter.executeActions(ExecuteActionsTaskExecuter.java:99)
	... 31 more
Caused by: org.gradle.api.artifacts.ResolveException: Could not resolve all dependencies for configuration ':detachedConfiguration1'.
	at org.gradle.api.internal.artifacts.ivyservice.DefaultLenientConfiguration.getFailure(DefaultLenientConfiguration.java:143)
	at org.gradle.api.internal.artifacts.ivyservice.DefaultLenientConfiguration.rethrowFailure(DefaultLenientConfiguration.java:156)
	at org.gradle.api.internal.artifacts.ivyservice.DefaultResolvedConfiguration.rethrowFailure(DefaultResolvedConfiguration.java:43)
	at org.gradle.api.internal.artifacts.ivyservice.DefaultResolvedConfiguration.getResolvedArtifacts(DefaultResolvedConfiguration.java:76)
	at org.gradle.api.internal.artifacts.ivyservice.ErrorHandlingConfigurationResolver$ErrorHandlingResolvedConfiguration.getResolvedArtifacts(ErrorHandlingConfigurationResolver.java:303)
	at io.spring.gradle.dependencymanagement.internal.maven.MavenPomResolver.resolvePoms(MavenPomResolver.java:83)
	at io.spring.gradle.dependencymanagement.internal.DependencyManagement.resolve(DependencyManagement.java:183)
	at io.spring.gradle.dependencymanagement.internal.DependencyManagement.resolveIfNecessary(DependencyManagement.java:153)
	... 46 more
Caused by: org.gradle.internal.resolve.ModuleVersionNotFoundException: Could not find com.alipay.sofa:sofaboot-dependencies:${revision}.
Required by:
    project :
	at org.gradle.internal.resolve.result.DefaultBuildableComponentResolveResult.notFound(DefaultBuildableComponentResolveResult.java:49)
	at org.gradle.api.internal.artifacts.ivyservice.ivyresolve.RepositoryChainComponentMetaDataResolver.resolveModule(RepositoryChainComponentMetaDataResolver.java:108)
	at org.gradle.api.internal.artifacts.ivyservice.ivyresolve.RepositoryChainComponentMetaDataResolver.resolve(RepositoryChainComponentMetaDataResolver.java:63)
	at org.gradle.api.internal.artifacts.ivyservice.resolveengine.ComponentResolversChain$ComponentMetaDataResolverChain.resolve(ComponentResolversChain.java:94)
	at org.gradle.api.internal.artifacts.ivyservice.clientmodule.ClientModuleResolver.resolve(ClientModuleResolver.java:62)
	at org.gradle.api.internal.artifacts.ivyservice.resolveengine.graph.builder.ComponentState.resolve(ComponentState.java:208)
	at org.gradle.api.internal.artifacts.ivyservice.resolveengine.graph.builder.ComponentState.resolve(ComponentState.java:196)
	at org.gradle.api.internal.artifacts.ivyservice.resolveengine.graph.builder.ComponentState.getMetadata(ComponentState.java:152)
	at org.gradle.api.internal.artifacts.ivyservice.resolveengine.graph.builder.EdgeState.calculateTargetConfigurations(EdgeState.java:156)
	at org.gradle.api.internal.artifacts.ivyservice.resolveengine.graph.builder.EdgeState.attachToTargetConfigurations(EdgeState.java:112)
	at org.gradle.api.internal.artifacts.ivyservice.resolveengine.graph.builder.DependencyGraphBuilder.attachToTargetRevisionsSerially(DependencyGraphBuilder.java:315)
	at org.gradle.api.internal.artifacts.ivyservice.resolveengine.graph.builder.DependencyGraphBuilder.resolveEdges(DependencyGraphBuilder.java:202)
	at org.gradle.api.internal.artifacts.ivyservice.resolveengine.graph.builder.DependencyGraphBuilder.traverseGraph(DependencyGraphBuilder.java:155)
	at org.gradle.api.internal.artifacts.ivyservice.resolveengine.graph.builder.DependencyGraphBuilder.resolve(DependencyGraphBuilder.java:126)
	at org.gradle.api.internal.artifacts.ivyservice.resolveengine.DefaultArtifactDependencyResolver.resolve(DefaultArtifactDependencyResolver.java:123)
	at org.gradle.api.internal.artifacts.ivyservice.DefaultConfigurationResolver.resolveGraph(DefaultConfigurationResolver.java:167)
	at org.gradle.api.internal.artifacts.ivyservice.ShortCircuitEmptyConfigurationResolver.resolveGraph(ShortCircuitEmptyConfigurationResolver.java:89)
	at org.gradle.api.internal.artifacts.ivyservice.ErrorHandlingConfigurationResolver.resolveGraph(ErrorHandlingConfigurationResolver.java:73)
	at org.gradle.api.internal.artifacts.configurations.DefaultConfiguration$5.run(DefaultConfiguration.java:533)
	at org.gradle.internal.operations.DefaultBuildOperationExecutor$RunnableBuildOperationWorker.execute(DefaultBuildOperationExecutor.java:300)
	at org.gradle.internal.operations.DefaultBuildOperationExecutor$RunnableBuildOperationWorker.execute(DefaultBuildOperationExecutor.java:292)
	at org.gradle.internal.operations.DefaultBuildOperationExecutor.execute(DefaultBuildOperationExecutor.java:174)
	at org.gradle.internal.operations.DefaultBuildOperationExecutor.run(DefaultBuildOperationExecutor.java:90)
	at org.gradle.internal.operations.DelegatingBuildOperationExecutor.run(DelegatingBuildOperationExecutor.java:31)
	at org.gradle.api.internal.artifacts.configurations.DefaultConfiguration.resolveGraphIfRequired(DefaultConfiguration.java:524)
	at org.gradle.api.internal.artifacts.configurations.DefaultConfiguration.resolveToStateOrLater(DefaultConfiguration.java:509)
	at org.gradle.api.internal.artifacts.configurations.DefaultConfiguration.getResolvedConfiguration(DefaultConfiguration.java:501)
	at org.gradle.api.internal.artifacts.configurations.DefaultConfiguration_Decorated.getResolvedConfiguration(Unknown Source)
	... 49 more


* Get more help at https://help.gradle.org

BUILD FAILED in 2s
1 actionable task: 1 executed

	at org.gradle.testkit.runner.internal.DefaultGradleRunner$1.execute(DefaultGradleRunner.java:237)
	at org.gradle.testkit.runner.internal.DefaultGradleRunner$1.execute(DefaultGradleRunner.java:234)
	at org.gradle.testkit.runner.internal.DefaultGradleRunner.run(DefaultGradleRunner.java:298)
	at org.gradle.testkit.runner.internal.DefaultGradleRunner.build(DefaultGradleRunner.java:234)
	at org.springframework.boot.gradle.testkit.GradleBuild.build(GradleBuild.java:154)
	... 59 more
</failure>
  </testcase>
  <testcase name="bomIsImportedWhenDependencyManagementPluginIsApplied [Gradle 4.5.1]" classname="com.alipay.sofa.boot.gradle.plugin.DependencyManagementPluginActionIntegrationTests" time="3.058">
    <failure message="java.lang.RuntimeException: org.gradle.testkit.runner.UnexpectedBuildFailure: Unexpected build execution failure in /var/folders/w4/71lyy5ks7013y3jrmjs5mxhw0000gn/T/junit6191105142841036071/junit8870171917537776704 with arguments [-PbootVersion=${revision}, --stacktrace, hasDependencyManagement, -PapplyDependencyManagementPlugin]&#10;&#10;Output:&#10;:hasDependencyManagement FAILED&#10;&#10;FAILURE: Build failed with an exception.&#10;&#10;* Where:&#10;Build file '/private/var/folders/w4/71lyy5ks7013y3jrmjs5mxhw0000gn/T/junit6191105142841036071/junit8870171917537776704/build.gradle' line: 29&#10;&#10;* What went wrong:&#10;Execution failed for task ':hasDependencyManagement'.&#10;&gt; Could not resolve all dependencies for configuration ':detachedConfiguration1'.&#10;   &gt; Could not find com.alipay.sofa:sofaboot-dependencies:${revision}.&#10;     Required by:&#10;         project :&#10;&#10;* Try:&#10;Run with --info or --debug option to get more log output. Run with --scan to get full insights.&#10;&#10;* Exception is:&#10;org.gradle.api.tasks.TaskExecutionException: Execution failed for task ':hasDependencyManagement'.&#10;&#9;at org.gradle.api.internal.tasks.execution.ExecuteActionsTaskExecuter.executeActions(ExecuteActionsTaskExecuter.java:103)&#10;&#9;at org.gradle.api.internal.tasks.execution.ExecuteActionsTaskExecuter.execute(ExecuteActionsTaskExecuter.java:73)&#10;&#9;at org.gradle.api.internal.tasks.execution.OutputDirectoryCreatingTaskExecuter.execute(OutputDirectoryCreatingTaskExecuter.java:51)&#10;&#9;at org.gradle.api.internal.tasks.execution.SkipUpToDateTaskExecuter.execute(SkipUpToDateTaskExecuter.java:59)&#10;&#9;at org.gradle.api.internal.tasks.execution.ResolveTaskOutputCachingStateExecuter.execute(ResolveTaskOutputCachingStateExecuter.java:54)&#10;&#9;at org.gradle.api.internal.tasks.execution.ValidatingTaskExecuter.execute(ValidatingTaskExecuter.java:59)&#10;&#9;at org.gradle.api.internal.tasks.execution.SkipEmptySourceFilesTaskExecuter.execute(SkipEmptySourceFilesTaskExecuter.java:101)&#10;&#9;at org.gradle.api.internal.tasks.execution.FinalizeInputFilePropertiesTaskExecuter.execute(FinalizeInputFilePropertiesTaskExecuter.java:44)&#10;&#9;at org.gradle.api.internal.tasks.execution.CleanupStaleOutputsExecuter.execute(CleanupStaleOutputsExecuter.java:88)&#10;&#9;at org.gradle.api.internal.tasks.execution.ResolveTaskArtifactStateTaskExecuter.execute(ResolveTaskArtifactStateTaskExecuter.java:62)&#10;&#9;at org.gradle.api.internal.tasks.execution.SkipTaskWithNoActionsExecuter.execute(SkipTaskWithNoActionsExecuter.java:52)&#10;&#9;at org.gradle.api.internal.tasks.execution.SkipOnlyIfTaskExecuter.execute(SkipOnlyIfTaskExecuter.java:54)&#10;&#9;at org.gradle.api.internal.tasks.execution.ExecuteAtMostOnceTaskExecuter.execute(ExecuteAtMostOnceTaskExecuter.java:43)&#10;&#9;at org.gradle.api.internal.tasks.execution.CatchExceptionTaskExecuter.execute(CatchExceptionTaskExecuter.java:34)&#10;&#9;at org.gradle.execution.taskgraph.DefaultTaskGraphExecuter$EventFiringTaskWorker$1.run(DefaultTaskGraphExecuter.java:248)&#10;&#9;at org.gradle.internal.progress.DefaultBuildOperationExecutor$RunnableBuildOperationWorker.execute(DefaultBuildOperationExecutor.java:336)&#10;&#9;at org.gradle.internal.progress.DefaultBuildOperationExecutor$RunnableBuildOperationWorker.execute(DefaultBuildOperationExecutor.java:328)&#10;&#9;at org.gradle.internal.progress.DefaultBuildOperationExecutor.execute(DefaultBuildOperationExecutor.java:199)&#10;&#9;at org.gradle.internal.progress.DefaultBuildOperationExecutor.run(DefaultBuildOperationExecutor.java:110)&#10;&#9;at org.gradle.execution.taskgraph.DefaultTaskGraphExecuter$EventFiringTaskWorker.execute(DefaultTaskGraphExecuter.java:241)&#10;&#9;at org.gradle.execution.taskgraph.DefaultTaskGraphExecuter$EventFiringTaskWorker.execute(DefaultTaskGraphExecuter.java:230)&#10;&#9;at org.gradle.execution.taskgraph.DefaultTaskPlanExecutor$TaskExecutorWorker.processTask(DefaultTaskPlanExecutor.java:123)&#10;&#9;at org.gradle.execution.taskgraph.DefaultTaskPlanExecutor$TaskExecutorWorker.access$200(DefaultTaskPlanExecutor.java:79)&#10;&#9;at org.gradle.execution.taskgraph.DefaultTaskPlanExecutor$TaskExecutorWorker$1.execute(DefaultTaskPlanExecutor.java:104)&#10;&#9;at org.gradle.execution.taskgraph.DefaultTaskPlanExecutor$TaskExecutorWorker$1.execute(DefaultTaskPlanExecutor.java:98)&#10;&#9;at org.gradle.execution.taskgraph.DefaultTaskExecutionPlan.execute(DefaultTaskExecutionPlan.java:623)&#10;&#9;at org.gradle.execution.taskgraph.DefaultTaskExecutionPlan.executeWithTask(DefaultTaskExecutionPlan.java:578)&#10;&#9;at org.gradle.execution.taskgraph.DefaultTaskPlanExecutor$TaskExecutorWorker.run(DefaultTaskPlanExecutor.java:98)&#10;&#9;at org.gradle.internal.concurrent.ExecutorPolicy$CatchAndRecordFailures.onExecute(ExecutorPolicy.java:63)&#10;&#9;at org.gradle.internal.concurrent.ManagedExecutorImpl$1.run(ManagedExecutorImpl.java:46)&#10;&#9;at org.gradle.internal.concurrent.ThreadFactoryImpl$ManagedThreadRunnable.run(ThreadFactoryImpl.java:55)&#10;Caused by: org.gradle.api.GradleException: Failed to resolve imported Maven boms: Could not find com.alipay.sofa:sofaboot-dependencies:${revision}.&#10;Required by:&#10;    project :&#10;&#9;at io.spring.gradle.dependencymanagement.internal.DependencyManagement.resolveIfNecessary(DependencyManagement.java:157)&#10;&#9;at io.spring.gradle.dependencymanagement.internal.DependencyManagement.getManagedVersions(DependencyManagement.java:121)&#10;&#9;at io.spring.gradle.dependencymanagement.internal.DependencyManagementContainer.getManagedVersionsForConfiguration(DependencyManagementContainer.java:202)&#10;&#9;at io.spring.gradle.dependencymanagement.internal.DependencyManagementContainer.getManagedVersionsForConfiguration(DependencyManagementContainer.java:187)&#10;&#9;at io.spring.gradle.dependencymanagement.internal.dsl.StandardDependencyManagementExtension.getManagedVersions(StandardDependencyManagementExtension.java:102)&#10;&#9;at build_688ljei29huhb49n7toi0dzs0$_run_closure3$_closure7.doCall(/private/var/folders/w4/71lyy5ks7013y3jrmjs5mxhw0000gn/T/junit6191105142841036071/junit8870171917537776704/build.gradle:29)&#10;&#9;at org.gradle.api.internal.AbstractTask$ClosureTaskAction.execute(AbstractTask.java:726)&#10;&#9;at org.gradle.api.internal.AbstractTask$ClosureTaskAction.execute(AbstractTask.java:699)&#10;&#9;at org.gradle.api.internal.tasks.execution.ExecuteActionsTaskExecuter$1.run(ExecuteActionsTaskExecuter.java:124)&#10;&#9;at org.gradle.internal.progress.DefaultBuildOperationExecutor$RunnableBuildOperationWorker.execute(DefaultBuildOperationExecutor.java:336)&#10;&#9;at org.gradle.internal.progress.DefaultBuildOperationExecutor$RunnableBuildOperationWorker.execute(DefaultBuildOperationExecutor.java:328)&#10;&#9;at org.gradle.internal.progress.DefaultBuildOperationExecutor.execute(DefaultBuildOperationExecutor.java:199)&#10;&#9;at org.gradle.internal.progress.DefaultBuildOperationExecutor.run(DefaultBuildOperationExecutor.java:110)&#10;&#9;at org.gradle.api.internal.tasks.execution.ExecuteActionsTaskExecuter.executeAction(ExecuteActionsTaskExecuter.java:113)&#10;&#9;at org.gradle.api.internal.tasks.execution.ExecuteActionsTaskExecuter.executeActions(ExecuteActionsTaskExecuter.java:95)&#10;&#9;... 30 more&#10;Caused by: org.gradle.api.artifacts.ResolveException: Could not resolve all dependencies for configuration ':detachedConfiguration1'.&#10;&#9;at org.gradle.api.internal.artifacts.ivyservice.DefaultLenientConfiguration.getFailure(DefaultLenientConfiguration.java:142)&#10;&#9;at org.gradle.api.internal.artifacts.ivyservice.DefaultLenientConfiguration.rethrowFailure(DefaultLenientConfiguration.java:155)&#10;&#9;at org.gradle.api.internal.artifacts.ivyservice.DefaultResolvedConfiguration.rethrowFailure(DefaultResolvedConfiguration.java:43)&#10;&#9;at org.gradle.api.internal.artifacts.ivyservice.DefaultResolvedConfiguration.getResolvedArtifacts(DefaultResolvedConfiguration.java:76)&#10;&#9;at org.gradle.api.internal.artifacts.ivyservice.ErrorHandlingConfigurationResolver$ErrorHandlingResolvedConfiguration.getResolvedArtifacts(ErrorHandlingConfigurationResolver.java:296)&#10;&#9;at io.spring.gradle.dependencymanagement.internal.maven.MavenPomResolver.resolvePoms(MavenPomResolver.java:83)&#10;&#9;at io.spring.gradle.dependencymanagement.internal.DependencyManagement.resolve(DependencyManagement.java:183)&#10;&#9;at io.spring.gradle.dependencymanagement.internal.DependencyManagement.resolveIfNecessary(DependencyManagement.java:153)&#10;&#9;... 44 more&#10;Caused by: org.gradle.internal.resolve.ModuleVersionNotFoundException: Could not find com.alipay.sofa:sofaboot-dependencies:${revision}.&#10;Required by:&#10;    project :&#10;&#9;at org.gradle.internal.resolve.result.DefaultBuildableComponentResolveResult.notFound(DefaultBuildableComponentResolveResult.java:38)&#10;&#9;at org.gradle.api.internal.artifacts.ivyservice.ivyresolve.RepositoryChainComponentMetaDataResolver.resolveModule(RepositoryChainComponentMetaDataResolver.java:108)&#10;&#9;at org.gradle.api.internal.artifacts.ivyservice.ivyresolve.RepositoryChainComponentMetaDataResolver.resolve(RepositoryChainComponentMetaDataResolver.java:63)&#10;&#9;at org.gradle.api.internal.artifacts.ivyservice.resolveengine.ComponentResolversChain$ComponentMetaDataResolverChain.resolve(ComponentResolversChain.java:93)&#10;&#9;at org.gradle.api.internal.artifacts.ivyservice.clientmodule.ClientModuleResolver.resolve(ClientModuleResolver.java:60)&#10;&#9;at org.gradle.api.internal.artifacts.ivyservice.resolveengine.graph.builder.ComponentState.resolve(ComponentState.java:156)&#10;&#9;at org.gradle.api.internal.artifacts.ivyservice.resolveengine.graph.builder.ComponentState.getMetaData(ComponentState.java:167)&#10;&#9;at org.gradle.api.internal.artifacts.ivyservice.resolveengine.graph.builder.EdgeState.calculateTargetConfigurations(EdgeState.java:136)&#10;&#9;at org.gradle.api.internal.artifacts.ivyservice.resolveengine.graph.builder.EdgeState.attachToTargetConfigurations(EdgeState.java:107)&#10;&#9;at org.gradle.api.internal.artifacts.ivyservice.resolveengine.graph.builder.DependencyGraphBuilder.attachToTargetRevisionsSerially(DependencyGraphBuilder.java:242)&#10;&#9;at org.gradle.api.internal.artifacts.ivyservice.resolveengine.graph.builder.DependencyGraphBuilder.resolveEdges(DependencyGraphBuilder.java:232)&#10;&#9;at org.gradle.api.internal.artifacts.ivyservice.resolveengine.graph.builder.DependencyGraphBuilder.traverseGraph(DependencyGraphBuilder.java:146)&#10;&#9;at org.gradle.api.internal.artifacts.ivyservice.resolveengine.graph.builder.DependencyGraphBuilder.resolve(DependencyGraphBuilder.java:112)&#10;&#9;at org.gradle.api.internal.artifacts.ivyservice.resolveengine.DefaultArtifactDependencyResolver.resolve(DefaultArtifactDependencyResolver.java:93)&#10;&#9;at org.gradle.api.internal.artifacts.ivyservice.DefaultConfigurationResolver.resolveGraph(DefaultConfigurationResolver.java:146)&#10;&#9;at org.gradle.api.internal.artifacts.ivyservice.ShortCircuitEmptyConfigurationResolver.resolveGraph(ShortCircuitEmptyConfigurationResolver.java:73)&#10;&#9;at org.gradle.api.internal.artifacts.ivyservice.ErrorHandlingConfigurationResolver.resolveGraph(ErrorHandlingConfigurationResolver.java:66)&#10;&#9;at org.gradle.api.internal.artifacts.configurations.DefaultConfiguration$4.run(DefaultConfiguration.java:480)&#10;&#9;at org.gradle.internal.progress.DefaultBuildOperationExecutor$RunnableBuildOperationWorker.execute(DefaultBuildOperationExecutor.java:336)&#10;&#9;at org.gradle.internal.progress.DefaultBuildOperationExecutor$RunnableBuildOperationWorker.execute(DefaultBuildOperationExecutor.java:328)&#10;&#9;at org.gradle.internal.progress.DefaultBuildOperationExecutor.execute(DefaultBuildOperationExecutor.java:199)&#10;&#9;at org.gradle.internal.progress.DefaultBuildOperationExecutor.run(DefaultBuildOperationExecutor.java:110)&#10;&#9;at org.gradle.api.internal.artifacts.configurations.DefaultConfiguration.resolveGraphIfRequired(DefaultConfiguration.java:471)&#10;&#9;at org.gradle.api.internal.artifacts.configurations.DefaultConfiguration.resolveToStateOrLater(DefaultConfiguration.java:456)&#10;&#9;at org.gradle.api.internal.artifacts.configurations.DefaultConfiguration.getResolvedConfiguration(DefaultConfiguration.java:448)&#10;&#9;at org.gradle.api.internal.artifacts.configurations.DefaultConfiguration_Decorated.getResolvedConfiguration(Unknown Source)&#10;&#9;... 47 more&#10;&#10;&#10;* Get more help at https://help.gradle.org&#10;&#10;BUILD FAILED in 2s&#10;1 actionable task: 1 executed&#10;" type="java.lang.RuntimeException">java.lang.RuntimeException: org.gradle.testkit.runner.UnexpectedBuildFailure: Unexpected build execution failure in /var/folders/w4/71lyy5ks7013y3jrmjs5mxhw0000gn/T/junit6191105142841036071/junit8870171917537776704 with arguments [-PbootVersion=${revision}, --stacktrace, hasDependencyManagement, -PapplyDependencyManagementPlugin]

Output:
:hasDependencyManagement FAILED

FAILURE: Build failed with an exception.

* Where:
Build file '/private/var/folders/w4/71lyy5ks7013y3jrmjs5mxhw0000gn/T/junit6191105142841036071/junit8870171917537776704/build.gradle' line: 29

* What went wrong:
Execution failed for task ':hasDependencyManagement'.
&gt; Could not resolve all dependencies for configuration ':detachedConfiguration1'.
   &gt; Could not find com.alipay.sofa:sofaboot-dependencies:${revision}.
     Required by:
         project :

* Try:
Run with --info or --debug option to get more log output. Run with --scan to get full insights.

* Exception is:
org.gradle.api.tasks.TaskExecutionException: Execution failed for task ':hasDependencyManagement'.
	at org.gradle.api.internal.tasks.execution.ExecuteActionsTaskExecuter.executeActions(ExecuteActionsTaskExecuter.java:103)
	at org.gradle.api.internal.tasks.execution.ExecuteActionsTaskExecuter.execute(ExecuteActionsTaskExecuter.java:73)
	at org.gradle.api.internal.tasks.execution.OutputDirectoryCreatingTaskExecuter.execute(OutputDirectoryCreatingTaskExecuter.java:51)
	at org.gradle.api.internal.tasks.execution.SkipUpToDateTaskExecuter.execute(SkipUpToDateTaskExecuter.java:59)
	at org.gradle.api.internal.tasks.execution.ResolveTaskOutputCachingStateExecuter.execute(ResolveTaskOutputCachingStateExecuter.java:54)
	at org.gradle.api.internal.tasks.execution.ValidatingTaskExecuter.execute(ValidatingTaskExecuter.java:59)
	at org.gradle.api.internal.tasks.execution.SkipEmptySourceFilesTaskExecuter.execute(SkipEmptySourceFilesTaskExecuter.java:101)
	at org.gradle.api.internal.tasks.execution.FinalizeInputFilePropertiesTaskExecuter.execute(FinalizeInputFilePropertiesTaskExecuter.java:44)
	at org.gradle.api.internal.tasks.execution.CleanupStaleOutputsExecuter.execute(CleanupStaleOutputsExecuter.java:88)
	at org.gradle.api.internal.tasks.execution.ResolveTaskArtifactStateTaskExecuter.execute(ResolveTaskArtifactStateTaskExecuter.java:62)
	at org.gradle.api.internal.tasks.execution.SkipTaskWithNoActionsExecuter.execute(SkipTaskWithNoActionsExecuter.java:52)
	at org.gradle.api.internal.tasks.execution.SkipOnlyIfTaskExecuter.execute(SkipOnlyIfTaskExecuter.java:54)
	at org.gradle.api.internal.tasks.execution.ExecuteAtMostOnceTaskExecuter.execute(ExecuteAtMostOnceTaskExecuter.java:43)
	at org.gradle.api.internal.tasks.execution.CatchExceptionTaskExecuter.execute(CatchExceptionTaskExecuter.java:34)
	at org.gradle.execution.taskgraph.DefaultTaskGraphExecuter$EventFiringTaskWorker$1.run(DefaultTaskGraphExecuter.java:248)
	at org.gradle.internal.progress.DefaultBuildOperationExecutor$RunnableBuildOperationWorker.execute(DefaultBuildOperationExecutor.java:336)
	at org.gradle.internal.progress.DefaultBuildOperationExecutor$RunnableBuildOperationWorker.execute(DefaultBuildOperationExecutor.java:328)
	at org.gradle.internal.progress.DefaultBuildOperationExecutor.execute(DefaultBuildOperationExecutor.java:199)
	at org.gradle.internal.progress.DefaultBuildOperationExecutor.run(DefaultBuildOperationExecutor.java:110)
	at org.gradle.execution.taskgraph.DefaultTaskGraphExecuter$EventFiringTaskWorker.execute(DefaultTaskGraphExecuter.java:241)
	at org.gradle.execution.taskgraph.DefaultTaskGraphExecuter$EventFiringTaskWorker.execute(DefaultTaskGraphExecuter.java:230)
	at org.gradle.execution.taskgraph.DefaultTaskPlanExecutor$TaskExecutorWorker.processTask(DefaultTaskPlanExecutor.java:123)
	at org.gradle.execution.taskgraph.DefaultTaskPlanExecutor$TaskExecutorWorker.access$200(DefaultTaskPlanExecutor.java:79)
	at org.gradle.execution.taskgraph.DefaultTaskPlanExecutor$TaskExecutorWorker$1.execute(DefaultTaskPlanExecutor.java:104)
	at org.gradle.execution.taskgraph.DefaultTaskPlanExecutor$TaskExecutorWorker$1.execute(DefaultTaskPlanExecutor.java:98)
	at org.gradle.execution.taskgraph.DefaultTaskExecutionPlan.execute(DefaultTaskExecutionPlan.java:623)
	at org.gradle.execution.taskgraph.DefaultTaskExecutionPlan.executeWithTask(DefaultTaskExecutionPlan.java:578)
	at org.gradle.execution.taskgraph.DefaultTaskPlanExecutor$TaskExecutorWorker.run(DefaultTaskPlanExecutor.java:98)
	at org.gradle.internal.concurrent.ExecutorPolicy$CatchAndRecordFailures.onExecute(ExecutorPolicy.java:63)
	at org.gradle.internal.concurrent.ManagedExecutorImpl$1.run(ManagedExecutorImpl.java:46)
	at org.gradle.internal.concurrent.ThreadFactoryImpl$ManagedThreadRunnable.run(ThreadFactoryImpl.java:55)
Caused by: org.gradle.api.GradleException: Failed to resolve imported Maven boms: Could not find com.alipay.sofa:sofaboot-dependencies:${revision}.
Required by:
    project :
	at io.spring.gradle.dependencymanagement.internal.DependencyManagement.resolveIfNecessary(DependencyManagement.java:157)
	at io.spring.gradle.dependencymanagement.internal.DependencyManagement.getManagedVersions(DependencyManagement.java:121)
	at io.spring.gradle.dependencymanagement.internal.DependencyManagementContainer.getManagedVersionsForConfiguration(DependencyManagementContainer.java:202)
	at io.spring.gradle.dependencymanagement.internal.DependencyManagementContainer.getManagedVersionsForConfiguration(DependencyManagementContainer.java:187)
	at io.spring.gradle.dependencymanagement.internal.dsl.StandardDependencyManagementExtension.getManagedVersions(StandardDependencyManagementExtension.java:102)
	at build_688ljei29huhb49n7toi0dzs0$_run_closure3$_closure7.doCall(/private/var/folders/w4/71lyy5ks7013y3jrmjs5mxhw0000gn/T/junit6191105142841036071/junit8870171917537776704/build.gradle:29)
	at org.gradle.api.internal.AbstractTask$ClosureTaskAction.execute(AbstractTask.java:726)
	at org.gradle.api.internal.AbstractTask$ClosureTaskAction.execute(AbstractTask.java:699)
	at org.gradle.api.internal.tasks.execution.ExecuteActionsTaskExecuter$1.run(ExecuteActionsTaskExecuter.java:124)
	at org.gradle.internal.progress.DefaultBuildOperationExecutor$RunnableBuildOperationWorker.execute(DefaultBuildOperationExecutor.java:336)
	at org.gradle.internal.progress.DefaultBuildOperationExecutor$RunnableBuildOperationWorker.execute(DefaultBuildOperationExecutor.java:328)
	at org.gradle.internal.progress.DefaultBuildOperationExecutor.execute(DefaultBuildOperationExecutor.java:199)
	at org.gradle.internal.progress.DefaultBuildOperationExecutor.run(DefaultBuildOperationExecutor.java:110)
	at org.gradle.api.internal.tasks.execution.ExecuteActionsTaskExecuter.executeAction(ExecuteActionsTaskExecuter.java:113)
	at org.gradle.api.internal.tasks.execution.ExecuteActionsTaskExecuter.executeActions(ExecuteActionsTaskExecuter.java:95)
	... 30 more
Caused by: org.gradle.api.artifacts.ResolveException: Could not resolve all dependencies for configuration ':detachedConfiguration1'.
	at org.gradle.api.internal.artifacts.ivyservice.DefaultLenientConfiguration.getFailure(DefaultLenientConfiguration.java:142)
	at org.gradle.api.internal.artifacts.ivyservice.DefaultLenientConfiguration.rethrowFailure(DefaultLenientConfiguration.java:155)
	at org.gradle.api.internal.artifacts.ivyservice.DefaultResolvedConfiguration.rethrowFailure(DefaultResolvedConfiguration.java:43)
	at org.gradle.api.internal.artifacts.ivyservice.DefaultResolvedConfiguration.getResolvedArtifacts(DefaultResolvedConfiguration.java:76)
	at org.gradle.api.internal.artifacts.ivyservice.ErrorHandlingConfigurationResolver$ErrorHandlingResolvedConfiguration.getResolvedArtifacts(ErrorHandlingConfigurationResolver.java:296)
	at io.spring.gradle.dependencymanagement.internal.maven.MavenPomResolver.resolvePoms(MavenPomResolver.java:83)
	at io.spring.gradle.dependencymanagement.internal.DependencyManagement.resolve(DependencyManagement.java:183)
	at io.spring.gradle.dependencymanagement.internal.DependencyManagement.resolveIfNecessary(DependencyManagement.java:153)
	... 44 more
Caused by: org.gradle.internal.resolve.ModuleVersionNotFoundException: Could not find com.alipay.sofa:sofaboot-dependencies:${revision}.
Required by:
    project :
	at org.gradle.internal.resolve.result.DefaultBuildableComponentResolveResult.notFound(DefaultBuildableComponentResolveResult.java:38)
	at org.gradle.api.internal.artifacts.ivyservice.ivyresolve.RepositoryChainComponentMetaDataResolver.resolveModule(RepositoryChainComponentMetaDataResolver.java:108)
	at org.gradle.api.internal.artifacts.ivyservice.ivyresolve.RepositoryChainComponentMetaDataResolver.resolve(RepositoryChainComponentMetaDataResolver.java:63)
	at org.gradle.api.internal.artifacts.ivyservice.resolveengine.ComponentResolversChain$ComponentMetaDataResolverChain.resolve(ComponentResolversChain.java:93)
	at org.gradle.api.internal.artifacts.ivyservice.clientmodule.ClientModuleResolver.resolve(ClientModuleResolver.java:60)
	at org.gradle.api.internal.artifacts.ivyservice.resolveengine.graph.builder.ComponentState.resolve(ComponentState.java:156)
	at org.gradle.api.internal.artifacts.ivyservice.resolveengine.graph.builder.ComponentState.getMetaData(ComponentState.java:167)
	at org.gradle.api.internal.artifacts.ivyservice.resolveengine.graph.builder.EdgeState.calculateTargetConfigurations(EdgeState.java:136)
	at org.gradle.api.internal.artifacts.ivyservice.resolveengine.graph.builder.EdgeState.attachToTargetConfigurations(EdgeState.java:107)
	at org.gradle.api.internal.artifacts.ivyservice.resolveengine.graph.builder.DependencyGraphBuilder.attachToTargetRevisionsSerially(DependencyGraphBuilder.java:242)
	at org.gradle.api.internal.artifacts.ivyservice.resolveengine.graph.builder.DependencyGraphBuilder.resolveEdges(DependencyGraphBuilder.java:232)
	at org.gradle.api.internal.artifacts.ivyservice.resolveengine.graph.builder.DependencyGraphBuilder.traverseGraph(DependencyGraphBuilder.java:146)
	at org.gradle.api.internal.artifacts.ivyservice.resolveengine.graph.builder.DependencyGraphBuilder.resolve(DependencyGraphBuilder.java:112)
	at org.gradle.api.internal.artifacts.ivyservice.resolveengine.DefaultArtifactDependencyResolver.resolve(DefaultArtifactDependencyResolver.java:93)
	at org.gradle.api.internal.artifacts.ivyservice.DefaultConfigurationResolver.resolveGraph(DefaultConfigurationResolver.java:146)
	at org.gradle.api.internal.artifacts.ivyservice.ShortCircuitEmptyConfigurationResolver.resolveGraph(ShortCircuitEmptyConfigurationResolver.java:73)
	at org.gradle.api.internal.artifacts.ivyservice.ErrorHandlingConfigurationResolver.resolveGraph(ErrorHandlingConfigurationResolver.java:66)
	at org.gradle.api.internal.artifacts.configurations.DefaultConfiguration$4.run(DefaultConfiguration.java:480)
	at org.gradle.internal.progress.DefaultBuildOperationExecutor$RunnableBuildOperationWorker.execute(DefaultBuildOperationExecutor.java:336)
	at org.gradle.internal.progress.DefaultBuildOperationExecutor$RunnableBuildOperationWorker.execute(DefaultBuildOperationExecutor.java:328)
	at org.gradle.internal.progress.DefaultBuildOperationExecutor.execute(DefaultBuildOperationExecutor.java:199)
	at org.gradle.internal.progress.DefaultBuildOperationExecutor.run(DefaultBuildOperationExecutor.java:110)
	at org.gradle.api.internal.artifacts.configurations.DefaultConfiguration.resolveGraphIfRequired(DefaultConfiguration.java:471)
	at org.gradle.api.internal.artifacts.configurations.DefaultConfiguration.resolveToStateOrLater(DefaultConfiguration.java:456)
	at org.gradle.api.internal.artifacts.configurations.DefaultConfiguration.getResolvedConfiguration(DefaultConfiguration.java:448)
	at org.gradle.api.internal.artifacts.configurations.DefaultConfiguration_Decorated.getResolvedConfiguration(Unknown Source)
	... 47 more


* Get more help at https://help.gradle.org

BUILD FAILED in 2s
1 actionable task: 1 executed

	at org.springframework.boot.gradle.testkit.GradleBuild.build(GradleBuild.java:156)
	at com.alipay.sofa.boot.gradle.plugin.DependencyManagementPluginActionIntegrationTests.bomIsImportedWhenDependencyManagementPluginIsApplied(DependencyManagementPluginActionIntegrationTests.java:42)
	at sun.reflect.NativeMethodAccessorImpl.invoke0(Native Method)
	at sun.reflect.NativeMethodAccessorImpl.invoke(NativeMethodAccessorImpl.java:62)
	at sun.reflect.DelegatingMethodAccessorImpl.invoke(DelegatingMethodAccessorImpl.java:43)
	at java.lang.reflect.Method.invoke(Method.java:498)
	at org.junit.runners.model.FrameworkMethod$1.runReflectiveCall(FrameworkMethod.java:50)
	at org.junit.internal.runners.model.ReflectiveCallable.run(ReflectiveCallable.java:12)
	at org.junit.runners.model.FrameworkMethod.invokeExplosively(FrameworkMethod.java:47)
	at org.junit.internal.runners.statements.InvokeMethod.evaluate(InvokeMethod.java:17)
	at org.springframework.boot.gradle.testkit.GradleBuild$1.evaluate(GradleBuild.java:94)
	at org.junit.rules.ExternalResource$1.evaluate(ExternalResource.java:48)
	at org.junit.rules.RunRules.evaluate(RunRules.java:20)
	at org.junit.runners.ParentRunner.runLeaf(ParentRunner.java:325)
	at org.junit.runners.BlockJUnit4ClassRunner.runChild(BlockJUnit4ClassRunner.java:78)
	at org.junit.runners.BlockJUnit4ClassRunner.runChild(BlockJUnit4ClassRunner.java:57)
	at org.junit.runners.ParentRunner$3.run(ParentRunner.java:290)
	at org.junit.runners.ParentRunner$1.schedule(ParentRunner.java:71)
	at org.junit.runners.ParentRunner.runChildren(ParentRunner.java:288)
	at org.junit.runners.ParentRunner.access$000(ParentRunner.java:58)
	at org.junit.runners.ParentRunner$2.evaluate(ParentRunner.java:268)
	at org.junit.runners.ParentRunner.run(ParentRunner.java:363)
	at org.junit.runners.Suite.runChild(Suite.java:128)
	at org.junit.runners.Suite.runChild(Suite.java:27)
	at org.junit.runners.ParentRunner$3.run(ParentRunner.java:290)
	at org.junit.runners.ParentRunner$1.schedule(ParentRunner.java:71)
	at org.junit.runners.ParentRunner.runChildren(ParentRunner.java:288)
	at org.junit.runners.ParentRunner.access$000(ParentRunner.java:58)
	at org.junit.runners.ParentRunner$2.evaluate(ParentRunner.java:268)
	at org.junit.runners.ParentRunner.run(ParentRunner.java:363)
	at org.gradle.api.internal.tasks.testing.junit.JUnitTestClassExecutor.runTestClass(JUnitTestClassExecutor.java:106)
	at org.gradle.api.internal.tasks.testing.junit.JUnitTestClassExecutor.execute(JUnitTestClassExecutor.java:58)
	at org.gradle.api.internal.tasks.testing.junit.JUnitTestClassExecutor.execute(JUnitTestClassExecutor.java:38)
	at org.gradle.api.internal.tasks.testing.junit.AbstractJUnitTestClassProcessor.processTestClass(AbstractJUnitTestClassProcessor.java:66)
	at org.gradle.api.internal.tasks.testing.SuiteTestClassProcessor.processTestClass(SuiteTestClassProcessor.java:51)
	at sun.reflect.NativeMethodAccessorImpl.invoke0(Native Method)
	at sun.reflect.NativeMethodAccessorImpl.invoke(NativeMethodAccessorImpl.java:62)
	at sun.reflect.DelegatingMethodAccessorImpl.invoke(DelegatingMethodAccessorImpl.java:43)
	at java.lang.reflect.Method.invoke(Method.java:498)
	at org.gradle.internal.dispatch.ReflectionDispatch.dispatch(ReflectionDispatch.java:35)
	at org.gradle.internal.dispatch.ReflectionDispatch.dispatch(ReflectionDispatch.java:24)
	at org.gradle.internal.dispatch.ContextClassLoaderDispatch.dispatch(ContextClassLoaderDispatch.java:32)
	at org.gradle.internal.dispatch.ProxyDispatchAdapter$DispatchingInvocationHandler.invoke(ProxyDispatchAdapter.java:93)
	at com.sun.proxy.$Proxy2.processTestClass(Unknown Source)
	at org.gradle.api.internal.tasks.testing.worker.TestWorker.processTestClass(TestWorker.java:117)
	at sun.reflect.NativeMethodAccessorImpl.invoke0(Native Method)
	at sun.reflect.NativeMethodAccessorImpl.invoke(NativeMethodAccessorImpl.java:62)
	at sun.reflect.DelegatingMethodAccessorImpl.invoke(DelegatingMethodAccessorImpl.java:43)
	at java.lang.reflect.Method.invoke(Method.java:498)
	at org.gradle.internal.dispatch.ReflectionDispatch.dispatch(ReflectionDispatch.java:35)
	at org.gradle.internal.dispatch.ReflectionDispatch.dispatch(ReflectionDispatch.java:24)
	at org.gradle.internal.remote.internal.hub.MessageHubBackedObjectConnection$DispatchWrapper.dispatch(MessageHubBackedObjectConnection.java:155)
	at org.gradle.internal.remote.internal.hub.MessageHubBackedObjectConnection$DispatchWrapper.dispatch(MessageHubBackedObjectConnection.java:137)
	at org.gradle.internal.remote.internal.hub.MessageHub$Handler.run(MessageHub.java:404)
	at org.gradle.internal.concurrent.ExecutorPolicy$CatchAndRecordFailures.onExecute(ExecutorPolicy.java:63)
	at org.gradle.internal.concurrent.ManagedExecutorImpl$1.run(ManagedExecutorImpl.java:46)
	at java.util.concurrent.ThreadPoolExecutor.runWorker(ThreadPoolExecutor.java:1142)
	at java.util.concurrent.ThreadPoolExecutor$Worker.run(ThreadPoolExecutor.java:617)
	at org.gradle.internal.concurrent.ThreadFactoryImpl$ManagedThreadRunnable.run(ThreadFactoryImpl.java:55)
	at java.lang.Thread.run(Thread.java:745)
Caused by: org.gradle.testkit.runner.UnexpectedBuildFailure: Unexpected build execution failure in /var/folders/w4/71lyy5ks7013y3jrmjs5mxhw0000gn/T/junit6191105142841036071/junit8870171917537776704 with arguments [-PbootVersion=${revision}, --stacktrace, hasDependencyManagement, -PapplyDependencyManagementPlugin]

Output:
:hasDependencyManagement FAILED

FAILURE: Build failed with an exception.

* Where:
Build file '/private/var/folders/w4/71lyy5ks7013y3jrmjs5mxhw0000gn/T/junit6191105142841036071/junit8870171917537776704/build.gradle' line: 29

* What went wrong:
Execution failed for task ':hasDependencyManagement'.
&gt; Could not resolve all dependencies for configuration ':detachedConfiguration1'.
   &gt; Could not find com.alipay.sofa:sofaboot-dependencies:${revision}.
     Required by:
         project :

* Try:
Run with --info or --debug option to get more log output. Run with --scan to get full insights.

* Exception is:
org.gradle.api.tasks.TaskExecutionException: Execution failed for task ':hasDependencyManagement'.
	at org.gradle.api.internal.tasks.execution.ExecuteActionsTaskExecuter.executeActions(ExecuteActionsTaskExecuter.java:103)
	at org.gradle.api.internal.tasks.execution.ExecuteActionsTaskExecuter.execute(ExecuteActionsTaskExecuter.java:73)
	at org.gradle.api.internal.tasks.execution.OutputDirectoryCreatingTaskExecuter.execute(OutputDirectoryCreatingTaskExecuter.java:51)
	at org.gradle.api.internal.tasks.execution.SkipUpToDateTaskExecuter.execute(SkipUpToDateTaskExecuter.java:59)
	at org.gradle.api.internal.tasks.execution.ResolveTaskOutputCachingStateExecuter.execute(ResolveTaskOutputCachingStateExecuter.java:54)
	at org.gradle.api.internal.tasks.execution.ValidatingTaskExecuter.execute(ValidatingTaskExecuter.java:59)
	at org.gradle.api.internal.tasks.execution.SkipEmptySourceFilesTaskExecuter.execute(SkipEmptySourceFilesTaskExecuter.java:101)
	at org.gradle.api.internal.tasks.execution.FinalizeInputFilePropertiesTaskExecuter.execute(FinalizeInputFilePropertiesTaskExecuter.java:44)
	at org.gradle.api.internal.tasks.execution.CleanupStaleOutputsExecuter.execute(CleanupStaleOutputsExecuter.java:88)
	at org.gradle.api.internal.tasks.execution.ResolveTaskArtifactStateTaskExecuter.execute(ResolveTaskArtifactStateTaskExecuter.java:62)
	at org.gradle.api.internal.tasks.execution.SkipTaskWithNoActionsExecuter.execute(SkipTaskWithNoActionsExecuter.java:52)
	at org.gradle.api.internal.tasks.execution.SkipOnlyIfTaskExecuter.execute(SkipOnlyIfTaskExecuter.java:54)
	at org.gradle.api.internal.tasks.execution.ExecuteAtMostOnceTaskExecuter.execute(ExecuteAtMostOnceTaskExecuter.java:43)
	at org.gradle.api.internal.tasks.execution.CatchExceptionTaskExecuter.execute(CatchExceptionTaskExecuter.java:34)
	at org.gradle.execution.taskgraph.DefaultTaskGraphExecuter$EventFiringTaskWorker$1.run(DefaultTaskGraphExecuter.java:248)
	at org.gradle.internal.progress.DefaultBuildOperationExecutor$RunnableBuildOperationWorker.execute(DefaultBuildOperationExecutor.java:336)
	at org.gradle.internal.progress.DefaultBuildOperationExecutor$RunnableBuildOperationWorker.execute(DefaultBuildOperationExecutor.java:328)
	at org.gradle.internal.progress.DefaultBuildOperationExecutor.execute(DefaultBuildOperationExecutor.java:199)
	at org.gradle.internal.progress.DefaultBuildOperationExecutor.run(DefaultBuildOperationExecutor.java:110)
	at org.gradle.execution.taskgraph.DefaultTaskGraphExecuter$EventFiringTaskWorker.execute(DefaultTaskGraphExecuter.java:241)
	at org.gradle.execution.taskgraph.DefaultTaskGraphExecuter$EventFiringTaskWorker.execute(DefaultTaskGraphExecuter.java:230)
	at org.gradle.execution.taskgraph.DefaultTaskPlanExecutor$TaskExecutorWorker.processTask(DefaultTaskPlanExecutor.java:123)
	at org.gradle.execution.taskgraph.DefaultTaskPlanExecutor$TaskExecutorWorker.access$200(DefaultTaskPlanExecutor.java:79)
	at org.gradle.execution.taskgraph.DefaultTaskPlanExecutor$TaskExecutorWorker$1.execute(DefaultTaskPlanExecutor.java:104)
	at org.gradle.execution.taskgraph.DefaultTaskPlanExecutor$TaskExecutorWorker$1.execute(DefaultTaskPlanExecutor.java:98)
	at org.gradle.execution.taskgraph.DefaultTaskExecutionPlan.execute(DefaultTaskExecutionPlan.java:623)
	at org.gradle.execution.taskgraph.DefaultTaskExecutionPlan.executeWithTask(DefaultTaskExecutionPlan.java:578)
	at org.gradle.execution.taskgraph.DefaultTaskPlanExecutor$TaskExecutorWorker.run(DefaultTaskPlanExecutor.java:98)
	at org.gradle.internal.concurrent.ExecutorPolicy$CatchAndRecordFailures.onExecute(ExecutorPolicy.java:63)
	at org.gradle.internal.concurrent.ManagedExecutorImpl$1.run(ManagedExecutorImpl.java:46)
	at org.gradle.internal.concurrent.ThreadFactoryImpl$ManagedThreadRunnable.run(ThreadFactoryImpl.java:55)
Caused by: org.gradle.api.GradleException: Failed to resolve imported Maven boms: Could not find com.alipay.sofa:sofaboot-dependencies:${revision}.
Required by:
    project :
	at io.spring.gradle.dependencymanagement.internal.DependencyManagement.resolveIfNecessary(DependencyManagement.java:157)
	at io.spring.gradle.dependencymanagement.internal.DependencyManagement.getManagedVersions(DependencyManagement.java:121)
	at io.spring.gradle.dependencymanagement.internal.DependencyManagementContainer.getManagedVersionsForConfiguration(DependencyManagementContainer.java:202)
	at io.spring.gradle.dependencymanagement.internal.DependencyManagementContainer.getManagedVersionsForConfiguration(DependencyManagementContainer.java:187)
	at io.spring.gradle.dependencymanagement.internal.dsl.StandardDependencyManagementExtension.getManagedVersions(StandardDependencyManagementExtension.java:102)
	at build_688ljei29huhb49n7toi0dzs0$_run_closure3$_closure7.doCall(/private/var/folders/w4/71lyy5ks7013y3jrmjs5mxhw0000gn/T/junit6191105142841036071/junit8870171917537776704/build.gradle:29)
	at org.gradle.api.internal.AbstractTask$ClosureTaskAction.execute(AbstractTask.java:726)
	at org.gradle.api.internal.AbstractTask$ClosureTaskAction.execute(AbstractTask.java:699)
[...]
	at org.gradle.api.internal.tasks.execution.SkipEmptySourceFilesTaskExecuter.execute(SkipEmptySourceFilesTaskExecuter.java:101)
	at org.gradle.api.internal.tasks.execution.CleanupStaleOutputsExecuter.execute(CleanupStaleOutputsExecuter.java:91)
	at org.gradle.api.internal.tasks.execution.FinalizePropertiesTaskExecuter.execute(FinalizePropertiesTaskExecuter.java:44)
	at org.gradle.api.internal.tasks.execution.ResolveTaskArtifactStateTaskExecuter.execute(ResolveTaskArtifactStateTaskExecuter.java:62)
	at org.gradle.api.internal.tasks.execution.SkipTaskWithNoActionsExecuter.execute(SkipTaskWithNoActionsExecuter.java:55)
	at org.gradle.api.internal.tasks.execution.SkipOnlyIfTaskExecuter.execute(SkipOnlyIfTaskExecuter.java:54)
	at org.gradle.api.internal.tasks.execution.CatchExceptionTaskExecuter.execute(CatchExceptionTaskExecuter.java:35)
	at org.gradle.api.internal.tasks.execution.EventFiringTaskExecuter$1.run(EventFiringTaskExecuter.java:49)
	at org.gradle.internal.operations.DefaultBuildOperationExecutor$RunnableBuildOperationWorker.execute(DefaultBuildOperationExecutor.java:301)
	at org.gradle.internal.operations.DefaultBuildOperationExecutor$RunnableBuildOperationWorker.execute(DefaultBuildOperationExecutor.java:293)
	at org.gradle.internal.operations.DefaultBuildOperationExecutor.execute(DefaultBuildOperationExecutor.java:175)
	at org.gradle.internal.operations.DefaultBuildOperationExecutor.run(DefaultBuildOperationExecutor.java:91)
	at org.gradle.internal.operations.DelegatingBuildOperationExecutor.run(DelegatingBuildOperationExecutor.java:31)
	at org.gradle.api.internal.tasks.execution.EventFiringTaskExecuter.execute(EventFiringTaskExecuter.java:44)
	at org.gradle.execution.plan.LocalTaskNodeExecutor.execute(LocalTaskNodeExecutor.java:43)
	at org.gradle.execution.taskgraph.DefaultTaskExecutionGraph$InvokeNodeExecutorsAction.execute(DefaultTaskExecutionGraph.java:337)
	at org.gradle.execution.taskgraph.DefaultTaskExecutionGraph$InvokeNodeExecutorsAction.execute(DefaultTaskExecutionGraph.java:325)
	at org.gradle.execution.taskgraph.DefaultTaskExecutionGraph$BuildOperationAwareExecutionAction.execute(DefaultTaskExecutionGraph.java:318)
	at org.gradle.execution.taskgraph.DefaultTaskExecutionGraph$BuildOperationAwareExecutionAction.execute(DefaultTaskExecutionGraph.java:304)
	at org.gradle.execution.plan.DefaultPlanExecutor$ExecutorWorker$1.execute(DefaultPlanExecutor.java:134)
	at org.gradle.execution.plan.DefaultPlanExecutor$ExecutorWorker$1.execute(DefaultPlanExecutor.java:129)
	at org.gradle.execution.plan.DefaultPlanExecutor$ExecutorWorker.execute(DefaultPlanExecutor.java:202)
	at org.gradle.execution.plan.DefaultPlanExecutor$ExecutorWorker.executeNextNode(DefaultPlanExecutor.java:193)
	at org.gradle.execution.plan.DefaultPlanExecutor$ExecutorWorker.run(DefaultPlanExecutor.java:129)
	at org.gradle.execution.plan.DefaultPlanExecutor.process(DefaultPlanExecutor.java:74)
	at org.gradle.execution.taskgraph.DefaultTaskExecutionGraph.executeWithServices(DefaultTaskExecutionGraph.java:167)
	at org.gradle.execution.taskgraph.DefaultTaskExecutionGraph.execute(DefaultTaskExecutionGraph.java:150)
	at org.gradle.execution.SelectedTaskExecutionAction.execute(SelectedTaskExecutionAction.java:41)
	at org.gradle.execution.DefaultBuildExecuter.execute(DefaultBuildExecuter.java:40)
	at org.gradle.execution.DefaultBuildExecuter.access$000(DefaultBuildExecuter.java:24)
	at org.gradle.execution.DefaultBuildExecuter$1.proceed(DefaultBuildExecuter.java:46)
	at org.gradle.execution.DryRunBuildExecutionAction.execute(DryRunBuildExecutionAction.java:49)
	at org.gradle.execution.DefaultBuildExecuter.execute(DefaultBuildExecuter.java:40)
	at org.gradle.execution.DefaultBuildExecuter.execute(DefaultBuildExecuter.java:33)
	at org.gradle.initialization.DefaultGradleLauncher$ExecuteTasks.run(DefaultGradleLauncher.java:367)
	at org.gradle.internal.operations.DefaultBuildOperationExecutor$RunnableBuildOperationWorker.execute(DefaultBuildOperationExecutor.java:301)
	at org.gradle.internal.operations.DefaultBuildOperationExecutor$RunnableBuildOperationWorker.execute(DefaultBuildOperationExecutor.java:293)
	at org.gradle.internal.operations.DefaultBuildOperationExecutor.execute(DefaultBuildOperationExecutor.java:175)
	at org.gradle.internal.operations.DefaultBuildOperationExecutor.run(DefaultBuildOperationExecutor.java:91)
	at org.gradle.internal.operations.DelegatingBuildOperationExecutor.run(DelegatingBuildOperationExecutor.java:31)
	at org.gradle.initialization.DefaultGradleLauncher.runTasks(DefaultGradleLauncher.java:231)
	at org.gradle.initialization.DefaultGradleLauncher.doBuildStages(DefaultGradleLauncher.java:158)
	at org.gradle.initialization.DefaultGradleLauncher.executeTasks(DefaultGradleLauncher.java:133)
	at org.gradle.internal.invocation.GradleBuildController$1.execute(GradleBuildController.java:79)
	at org.gradle.internal.invocation.GradleBuildController$1.execute(GradleBuildController.java:76)
	at org.gradle.internal.invocation.GradleBuildController$3.create(GradleBuildController.java:103)
	at org.gradle.internal.invocation.GradleBuildController$3.create(GradleBuildController.java:96)
	at org.gradle.internal.work.DefaultWorkerLeaseService.withLocks(DefaultWorkerLeaseService.java:183)
	at org.gradle.internal.work.StopShieldingWorkerLeaseService.withLocks(StopShieldingWorkerLeaseService.java:40)
	at org.gradle.internal.invocation.GradleBuildController.doBuild(GradleBuildController.java:96)
	at org.gradle.internal.invocation.GradleBuildController.run(GradleBuildController.java:76)
	at org.gradle.tooling.internal.provider.runner.BuildModelActionRunner.run(BuildModelActionRunner.java:55)
	at org.gradle.launcher.exec.ChainingBuildActionRunner.run(ChainingBuildActionRunner.java:35)
	at org.gradle.launcher.exec.ChainingBuildActionRunner.run(ChainingBuildActionRunner.java:35)
	at org.gradle.tooling.internal.provider.ValidatingBuildActionRunner.run(ValidatingBuildActionRunner.java:32)
	at org.gradle.launcher.exec.RunAsBuildOperationBuildActionRunner$3.run(RunAsBuildOperationBuildActionRunner.java:49)
	at org.gradle.internal.operations.DefaultBuildOperationExecutor$RunnableBuildOperationWorker.execute(DefaultBuildOperationExecutor.java:301)
	at org.gradle.internal.operations.DefaultBuildOperationExecutor$RunnableBuildOperationWorker.execute(DefaultBuildOperationExecutor.java:293)
	at org.gradle.internal.operations.DefaultBuildOperationExecutor.execute(DefaultBuildOperationExecutor.java:175)
	at org.gradle.internal.operations.DefaultBuildOperationExecutor.run(DefaultBuildOperationExecutor.java:91)
	at org.gradle.internal.operations.DelegatingBuildOperationExecutor.run(DelegatingBuildOperationExecutor.java:31)
	at org.gradle.launcher.exec.RunAsBuildOperationBuildActionRunner.run(RunAsBuildOperationBuildActionRunner.java:44)
	at org.gradle.tooling.internal.provider.SubscribableBuildActionRunner.run(SubscribableBuildActionRunner.java:51)
	at org.gradle.launcher.exec.InProcessBuildActionExecuter$1.transform(InProcessBuildActionExecuter.java:47)
	at org.gradle.launcher.exec.InProcessBuildActionExecuter$1.transform(InProcessBuildActionExecuter.java:44)
	at org.gradle.composite.internal.DefaultRootBuildState.run(DefaultRootBuildState.java:79)
	at org.gradle.launcher.exec.InProcessBuildActionExecuter.execute(InProcessBuildActionExecuter.java:44)
	at org.gradle.launcher.exec.InProcessBuildActionExecuter.execute(InProcessBuildActionExecuter.java:30)
	at org.gradle.launcher.exec.BuildTreeScopeBuildActionExecuter.execute(BuildTreeScopeBuildActionExecuter.java:39)
	at org.gradle.launcher.exec.BuildTreeScopeBuildActionExecuter.execute(BuildTreeScopeBuildActionExecuter.java:25)
	at org.gradle.tooling.internal.provider.ContinuousBuildActionExecuter.execute(ContinuousBuildActionExecuter.java:78)
	at org.gradle.tooling.internal.provider.ContinuousBuildActionExecuter.execute(ContinuousBuildActionExecuter.java:52)
	at org.gradle.tooling.internal.provider.ServicesSetupBuildActionExecuter.execute(ServicesSetupBuildActionExecuter.java:62)
	at org.gradle.tooling.internal.provider.ServicesSetupBuildActionExecuter.execute(ServicesSetupBuildActionExecuter.java:34)
	at org.gradle.tooling.internal.provider.GradleThreadBuildActionExecuter.execute(GradleThreadBuildActionExecuter.java:36)
	at org.gradle.tooling.internal.provider.GradleThreadBuildActionExecuter.execute(GradleThreadBuildActionExecuter.java:25)
	at org.gradle.tooling.internal.provider.ParallelismConfigurationBuildActionExecuter.execute(ParallelismConfigurationBuildActionExecuter.java:43)
	at org.gradle.tooling.internal.provider.ParallelismConfigurationBuildActionExecuter.execute(ParallelismConfigurationBuildActionExecuter.java:29)
	at org.gradle.tooling.internal.provider.StartParamsValidatingActionExecuter.execute(StartParamsValidatingActionExecuter.java:59)
	at org.gradle.tooling.internal.provider.StartParamsValidatingActionExecuter.execute(StartParamsValidatingActionExecuter.java:31)
	at org.gradle.tooling.internal.provider.SessionFailureReportingActionExecuter.execute(SessionFailureReportingActionExecuter.java:59)
	at org.gradle.tooling.internal.provider.SessionFailureReportingActionExecuter.execute(SessionFailureReportingActionExecuter.java:44)
	at org.gradle.tooling.internal.provider.SetupLoggingActionExecuter.execute(SetupLoggingActionExecuter.java:46)
	at org.gradle.tooling.internal.provider.SetupLoggingActionExecuter.execute(SetupLoggingActionExecuter.java:30)
	at org.gradle.tooling.internal.provider.DaemonBuildActionExecuter.execute(DaemonBuildActionExecuter.java:60)
	at org.gradle.tooling.internal.provider.DaemonBuildActionExecuter.execute(DaemonBuildActionExecuter.java:41)
	at org.gradle.tooling.internal.provider.LoggingBridgingBuildActionExecuter.execute(LoggingBridgingBuildActionExecuter.java:58)
	at org.gradle.tooling.internal.provider.LoggingBridgingBuildActionExecuter.execute(LoggingBridgingBuildActionExecuter.java:37)
	at org.gradle.tooling.internal.provider.ProviderConnection.run(ProviderConnection.java:179)
	at org.gradle.tooling.internal.provider.ProviderConnection.run(ProviderConnection.java:122)
	at org.gradle.tooling.internal.provider.DefaultConnection.getModel(DefaultConnection.java:193)
	at org.gradle.tooling.internal.consumer.connection.CancellableModelBuilderBackedModelProducer.produceModel(CancellableModelBuilderBackedModelProducer.java:53)
	at org.gradle.tooling.internal.consumer.connection.PluginClasspathInjectionSupportedCheckModelProducer.produceModel(PluginClasspathInjectionSupportedCheckModelProducer.java:41)
	at org.gradle.tooling.internal.consumer.connection.AbstractConsumerConnection.run(AbstractConsumerConnection.java:59)
	at org.gradle.tooling.internal.consumer.connection.ParameterValidatingConsumerConnection.run(ParameterValidatingConsumerConnection.java:47)
	at org.gradle.tooling.internal.consumer.DefaultBuildLauncher$1.run(DefaultBuildLauncher.java:89)
	at org.gradle.tooling.internal.consumer.DefaultBuildLauncher$1.run(DefaultBuildLauncher.java:83)
	at org.gradle.tooling.internal.consumer.connection.LazyConsumerActionExecutor.run(LazyConsumerActionExecutor.java:84)
	at org.gradle.tooling.internal.consumer.connection.CancellableConsumerActionExecutor.run(CancellableConsumerActionExecutor.java:45)
	at org.gradle.tooling.internal.consumer.connection.ProgressLoggingConsumerActionExecutor.run(ProgressLoggingConsumerActionExecutor.java:58)
	at org.gradle.tooling.internal.consumer.connection.RethrowingErrorsConsumerActionExecutor.run(RethrowingErrorsConsumerActionExecutor.java:38)
	at org.gradle.tooling.internal.consumer.async.DefaultAsyncConsumerActionExecutor$1$1.run(DefaultAsyncConsumerActionExecutor.java:55)
	at org.gradle.internal.concurrent.ExecutorPolicy$CatchAndRecordFailures.onExecute(ExecutorPolicy.java:63)
	at org.gradle.internal.concurrent.ManagedExecutorImpl$1.run(ManagedExecutorImpl.java:46)
	at org.gradle.internal.concurrent.ThreadFactoryImpl$ManagedThreadRunnable.run(ThreadFactoryImpl.java:55)
Caused by: org.gradle.api.GradleException: Failed to resolve imported Maven boms: Could not find com.alipay.sofa:sofaboot-dependencies:${revision}.
Required by:
    project :
	at io.spring.gradle.dependencymanagement.internal.DependencyManagement.resolveIfNecessary(DependencyManagement.java:157)
	at io.spring.gradle.dependencymanagement.internal.DependencyManagement.getManagedVersions(DependencyManagement.java:121)
	at io.spring.gradle.dependencymanagement.internal.DependencyManagementContainer.getManagedVersionsForConfiguration(DependencyManagementContainer.java:202)
	at io.spring.gradle.dependencymanagement.internal.DependencyManagementContainer.getManagedVersionsForConfiguration(DependencyManagementContainer.java:187)
	at io.spring.gradle.dependencymanagement.internal.dsl.StandardDependencyManagementExtension.getManagedVersions(StandardDependencyManagementExtension.java:102)
	at build_5v0g7sd57glmrrxz6yftgbvn6$_run_closure3$_closure7.doCall(/private/var/folders/w4/71lyy5ks7013y3jrmjs5mxhw0000gn/T/junit147393641459220877/junit6104717619132361904/build.gradle:29)
	at org.gradle.api.internal.AbstractTask$ClosureTaskAction.execute(AbstractTask.java:647)
	at org.gradle.api.internal.AbstractTask$ClosureTaskAction.execute(AbstractTask.java:620)
	at org.gradle.api.internal.tasks.execution.ExecuteActionsTaskExecuter$1.run(ExecuteActionsTaskExecuter.java:117)
	at org.gradle.internal.operations.DefaultBuildOperationExecutor$RunnableBuildOperationWorker.execute(DefaultBuildOperationExecutor.java:301)
	at org.gradle.internal.operations.DefaultBuildOperationExecutor$RunnableBuildOperationWorker.execute(DefaultBuildOperationExecutor.java:293)
	at org.gradle.internal.operations.DefaultBuildOperationExecutor.execute(DefaultBuildOperationExecutor.java:175)
	at org.gradle.internal.operations.DefaultBuildOperationExecutor.run(DefaultBuildOperationExecutor.java:91)
	at org.gradle.internal.operations.DelegatingBuildOperationExecutor.run(DelegatingBuildOperationExecutor.java:31)
	at org.gradle.api.internal.tasks.execution.ExecuteActionsTaskExecuter.executeAction(ExecuteActionsTaskExecuter.java:106)
	at org.gradle.api.internal.tasks.execution.ExecuteActionsTaskExecuter.executeActions(ExecuteActionsTaskExecuter.java:85)
	... 113 more
Caused by: org.gradle.api.artifacts.ResolveException: Could not resolve all dependencies for configuration ':detachedConfiguration1'.
	at org.gradle.api.internal.artifacts.ivyservice.DefaultLenientConfiguration.getFailure(DefaultLenientConfiguration.java:143)
	at org.gradle.api.internal.artifacts.ivyservice.DefaultLenientConfiguration.rethrowFailure(DefaultLenientConfiguration.java:156)
	at org.gradle.api.internal.artifacts.ivyservice.DefaultResolvedConfiguration.rethrowFailure(DefaultResolvedConfiguration.java:43)
	at org.gradle.api.internal.artifacts.ivyservice.DefaultResolvedConfiguration.getResolvedArtifacts(DefaultResolvedConfiguration.java:76)
	at org.gradle.api.internal.artifacts.ivyservice.ErrorHandlingConfigurationResolver$ErrorHandlingResolvedConfiguration.getResolvedArtifacts(ErrorHandlingConfigurationResolver.java:303)
	at io.spring.gradle.dependencymanagement.internal.maven.MavenPomResolver.resolvePoms(MavenPomResolver.java:83)
	at io.spring.gradle.dependencymanagement.internal.DependencyManagement.resolve(DependencyManagement.java:183)
	at io.spring.gradle.dependencymanagement.internal.DependencyManagement.resolveIfNecessary(DependencyManagement.java:153)
	... 128 more
Caused by: org.gradle.internal.resolve.ModuleVersionNotFoundException: Could not find com.alipay.sofa:sofaboot-dependencies:${revision}.
Required by:
    project :
	at org.gradle.internal.resolve.result.DefaultBuildableComponentResolveResult.notFound(DefaultBuildableComponentResolveResult.java:42)
	at org.gradle.api.internal.artifacts.ivyservice.ivyresolve.RepositoryChainComponentMetaDataResolver.resolveModule(RepositoryChainComponentMetaDataResolver.java:108)
	at org.gradle.api.internal.artifacts.ivyservice.ivyresolve.RepositoryChainComponentMetaDataResolver.resolve(RepositoryChainComponentMetaDataResolver.java:63)
	at org.gradle.api.internal.artifacts.ivyservice.resolveengine.ComponentResolversChain$ComponentMetaDataResolverChain.resolve(ComponentResolversChain.java:95)
	at org.gradle.api.internal.artifacts.ivyservice.clientmodule.ClientModuleResolver.resolve(ClientModuleResolver.java:63)
	at org.gradle.api.internal.artifacts.ivyservice.resolveengine.graph.builder.ComponentState.resolve(ComponentState.java:199)
	at org.gradle.api.internal.artifacts.ivyservice.resolveengine.graph.builder.ComponentState.getMetadata(ComponentState.java:152)
	at org.gradle.api.internal.artifacts.ivyservice.resolveengine.graph.builder.EdgeState.calculateTargetConfigurations(EdgeState.java:173)
	at org.gradle.api.internal.artifacts.ivyservice.resolveengine.graph.builder.EdgeState.attachToTargetConfigurations(EdgeState.java:129)
	at org.gradle.api.internal.artifacts.ivyservice.resolveengine.graph.builder.DependencyGraphBuilder.attachToTargetRevisionsSerially(DependencyGraphBuilder.java:316)
	at org.gradle.api.internal.artifacts.ivyservice.resolveengine.graph.builder.DependencyGraphBuilder.resolveEdges(DependencyGraphBuilder.java:215)
	at org.gradle.api.internal.artifacts.ivyservice.resolveengine.graph.builder.DependencyGraphBuilder.traverseGraph(DependencyGraphBuilder.java:168)
	at org.gradle.api.internal.artifacts.ivyservice.resolveengine.graph.builder.DependencyGraphBuilder.resolve(DependencyGraphBuilder.java:129)
	at org.gradle.api.internal.artifacts.ivyservice.resolveengine.DefaultArtifactDependencyResolver.resolve(DefaultArtifactDependencyResolver.java:121)
	at org.gradle.api.internal.artifacts.ivyservice.DefaultConfigurationResolver.resolveGraph(DefaultConfigurationResolver.java:169)
	at org.gradle.api.internal.artifacts.ivyservice.ShortCircuitEmptyConfigurationResolver.resolveGraph(ShortCircuitEmptyConfigurationResolver.java:86)
	at org.gradle.api.internal.artifacts.ivyservice.ErrorHandlingConfigurationResolver.resolveGraph(ErrorHandlingConfigurationResolver.java:73)
	at org.gradle.api.internal.artifacts.configurations.DefaultConfiguration$7.run(DefaultConfiguration.java:566)
	at org.gradle.internal.operations.DefaultBuildOperationExecutor$RunnableBuildOperationWorker.execute(DefaultBuildOperationExecutor.java:301)
	at org.gradle.internal.operations.DefaultBuildOperationExecutor$RunnableBuildOperationWorker.execute(DefaultBuildOperationExecutor.java:293)
	at org.gradle.internal.operations.DefaultBuildOperationExecutor.execute(DefaultBuildOperationExecutor.java:175)
	at org.gradle.internal.operations.DefaultBuildOperationExecutor.run(DefaultBuildOperationExecutor.java:91)
	at org.gradle.internal.operations.DelegatingBuildOperationExecutor.run(DelegatingBuildOperationExecutor.java:31)
	at org.gradle.api.internal.artifacts.configurations.DefaultConfiguration.resolveGraphIfRequired(DefaultConfiguration.java:555)
	at org.gradle.api.internal.artifacts.configurations.DefaultConfiguration.access$600(DefaultConfiguration.java:127)
	at org.gradle.api.internal.artifacts.configurations.DefaultConfiguration$6.run(DefaultConfiguration.java:538)
	at org.gradle.api.internal.project.DefaultProjectStateRegistry$SafeExclusiveLockImpl.withLock(DefaultProjectStateRegistry.java:244)
	at org.gradle.api.internal.artifacts.configurations.DefaultConfiguration.resolveExclusively(DefaultConfiguration.java:534)
	at org.gradle.api.internal.artifacts.configurations.DefaultConfiguration.resolveToStateOrLater(DefaultConfiguration.java:529)
	at org.gradle.api.internal.artifacts.configurations.DefaultConfiguration.getResolvedConfiguration(DefaultConfiguration.java:511)
	at org.gradle.api.internal.artifacts.configurations.DefaultConfiguration_Decorated.getResolvedConfiguration(Unknown Source)
	... 131 more


* Get more help at https://help.gradle.org

BUILD FAILED in 2s
1 actionable task: 1 executed
]]></system-out>
  <system-err><![CDATA[]]></system-err>
</testsuite>
